{"/home/travis/build/npmtest/node-npmtest-node-xmpp/test.js":{"path":"/home/travis/build/npmtest/node-npmtest-node-xmpp/test.js","s":{"1":2,"2":2,"3":2,"4":2,"5":2,"6":2,"7":2,"8":1,"9":2,"10":2,"11":1,"12":1,"13":1,"14":1,"15":2,"16":2,"17":2,"18":2,"19":1,"20":1,"21":2,"22":2,"23":2,"24":1,"25":1,"26":1,"27":1,"28":1,"29":1,"30":1,"31":1,"32":1,"33":1,"34":1,"35":1,"36":1,"37":1,"38":1,"39":2,"40":2,"41":1,"42":2,"43":2,"44":1,"45":2,"46":2,"47":1,"48":2,"49":2,"50":1,"51":1,"52":1,"53":1,"54":1},"b":{"1":[2,1,1,1],"2":[1,1,1,1],"3":[1,1],"4":[1,1],"5":[1,1],"6":[1,1],"7":[1,1],"8":[1,1],"9":[1,1],"10":[1,1,1],"11":[1,1],"12":[1,1],"13":[1,1],"14":[1,1],"15":[1,1],"16":[1,1],"17":[1,1]},"f":{"1":2,"2":2,"3":2,"4":2,"5":2,"6":1,"7":1,"8":1,"9":2,"10":2,"11":2,"12":2,"13":1},"fnMap":{"1":{"name":"(anonymous_1)","line":12,"loc":{"start":{"line":12,"column":1},"end":{"line":12,"column":13}}},"2":{"name":"(anonymous_2)","line":19,"loc":{"start":{"line":19,"column":5},"end":{"line":19,"column":17}}},"3":{"name":"(anonymous_3)","line":23,"loc":{"start":{"line":23,"column":24},"end":{"line":23,"column":36}}},"4":{"name":"(anonymous_4)","line":61,"loc":{"start":{"line":61,"column":5},"end":{"line":61,"column":17}}},"5":{"name":"(anonymous_5)","line":82,"loc":{"start":{"line":82,"column":5},"end":{"line":82,"column":17}}},"6":{"name":"(anonymous_6)","line":91,"loc":{"start":{"line":91,"column":77},"end":{"line":94,"column":10}}},"7":{"name":"(anonymous_7)","line":112,"loc":{"start":{"line":112,"column":83},"end":{"line":115,"column":10}},"skip":true},"8":{"name":"(anonymous_8)","line":123,"loc":{"start":{"line":123,"column":77},"end":{"line":126,"column":10}},"skip":true},"9":{"name":"(anonymous_9)","line":139,"loc":{"start":{"line":139,"column":12},"end":{"line":139,"column":40}},"skip":true},"10":{"name":"(anonymous_10)","line":147,"loc":{"start":{"line":147,"column":77},"end":{"line":150,"column":10}},"skip":true},"11":{"name":"(anonymous_11)","line":158,"loc":{"start":{"line":158,"column":83},"end":{"line":161,"column":10}},"skip":true},"12":{"name":"(anonymous_12)","line":169,"loc":{"start":{"line":169,"column":79},"end":{"line":172,"column":10}},"skip":true},"13":{"name":"(anonymous_13)","line":180,"loc":{"start":{"line":180,"column":75},"end":{"line":183,"column":10}},"skip":true}},"statementMap":{"1":{"start":{"line":12,"column":0},"end":{"line":195,"column":5}},"2":{"start":{"line":14,"column":4},"end":{"line":14,"column":14}},"3":{"start":{"line":19,"column":4},"end":{"line":56,"column":9}},"4":{"start":{"line":21,"column":8},"end":{"line":21,"column":19}},"5":{"start":{"line":23,"column":8},"end":{"line":35,"column":13}},"6":{"start":{"line":24,"column":12},"end":{"line":34,"column":13}},"7":{"start":{"line":25,"column":16},"end":{"line":28,"column":30}},"8":{"start":{"line":30,"column":16},"end":{"line":33,"column":27}},"9":{"start":{"line":37,"column":8},"end":{"line":39,"column":21}},"10":{"start":{"line":40,"column":8},"end":{"line":53,"column":9}},"11":{"start":{"line":43,"column":12},"end":{"line":46,"column":14}},"12":{"start":{"line":47,"column":12},"end":{"line":47,"column":18}},"13":{"start":{"line":50,"column":12},"end":{"line":51,"column":33}},"14":{"start":{"line":52,"column":12},"end":{"line":52,"column":18}},"15":{"start":{"line":55,"column":8},"end":{"line":55,"column":35}},"16":{"start":{"line":61,"column":4},"end":{"line":63,"column":9}},"17":{"start":{"line":62,"column":8},"end":{"line":62,"column":15}},"18":{"start":{"line":64,"column":4},"end":{"line":77,"column":5}},"19":{"start":{"line":70,"column":8},"end":{"line":70,"column":14}},"20":{"start":{"line":76,"column":8},"end":{"line":76,"column":14}},"21":{"start":{"line":82,"column":4},"end":{"line":84,"column":9}},"22":{"start":{"line":83,"column":8},"end":{"line":83,"column":15}},"23":{"start":{"line":85,"column":4},"end":{"line":194,"column":5}},"24":{"start":{"line":91,"column":8},"end":{"line":99,"column":10}},"25":{"start":{"line":98,"column":12},"end":{"line":98,"column":35}},"26":{"start":{"line":102,"column":8},"end":{"line":104,"column":63}},"27":{"start":{"line":105,"column":8},"end":{"line":105,"column":14}},"28":{"start":{"line":112,"column":8},"end":{"line":121,"column":10},"skip":true},"29":{"start":{"line":119,"column":12},"end":{"line":119,"column":55},"skip":true},"30":{"start":{"line":120,"column":12},"end":{"line":120,"column":48},"skip":true},"31":{"start":{"line":123,"column":8},"end":{"line":136,"column":10},"skip":true},"32":{"start":{"line":130,"column":12},"end":{"line":130,"column":76},"skip":true},"33":{"start":{"line":131,"column":12},"end":{"line":131,"column":73},"skip":true},"34":{"start":{"line":132,"column":12},"end":{"line":132,"column":74},"skip":true},"35":{"start":{"line":133,"column":12},"end":{"line":133,"column":79},"skip":true},"36":{"start":{"line":134,"column":12},"end":{"line":134,"column":25},"skip":true},"37":{"start":{"line":135,"column":12},"end":{"line":135,"column":45},"skip":true},"38":{"start":{"line":138,"column":8},"end":{"line":145,"column":14},"skip":true},"39":{"start":{"line":143,"column":16},"end":{"line":143,"column":29},"skip":true},"40":{"start":{"line":144,"column":16},"end":{"line":144,"column":55},"skip":true},"41":{"start":{"line":147,"column":8},"end":{"line":156,"column":10},"skip":true},"42":{"start":{"line":154,"column":12},"end":{"line":154,"column":25},"skip":true},"43":{"start":{"line":155,"column":12},"end":{"line":155,"column":45},"skip":true},"44":{"start":{"line":158,"column":8},"end":{"line":167,"column":10},"skip":true},"45":{"start":{"line":165,"column":12},"end":{"line":165,"column":25},"skip":true},"46":{"start":{"line":166,"column":12},"end":{"line":166,"column":48},"skip":true},"47":{"start":{"line":169,"column":8},"end":{"line":178,"column":10},"skip":true},"48":{"start":{"line":176,"column":12},"end":{"line":176,"column":25},"skip":true},"49":{"start":{"line":177,"column":12},"end":{"line":177,"column":46},"skip":true},"50":{"start":{"line":180,"column":8},"end":{"line":189,"column":10},"skip":true},"51":{"start":{"line":187,"column":12},"end":{"line":187,"column":94},"skip":true},"52":{"start":{"line":188,"column":12},"end":{"line":188,"column":48},"skip":true},"53":{"start":{"line":192,"column":8},"end":{"line":192,"column":35},"skip":true},"54":{"start":{"line":193,"column":8},"end":{"line":193,"column":14},"skip":true}},"branchMap":{"1":{"line":25,"type":"binary-expr","locations":[{"start":{"line":25,"column":23},"end":{"line":25,"column":62}},{"start":{"line":26,"column":20},"end":{"line":26,"column":70}},{"start":{"line":27,"column":20},"end":{"line":27,"column":71}},{"start":{"line":28,"column":20},"end":{"line":28,"column":29}}]},"2":{"line":30,"type":"binary-expr","locations":[{"start":{"line":30,"column":23},"end":{"line":30,"column":37}},{"start":{"line":31,"column":20},"end":{"line":31,"column":61}},{"start":{"line":32,"column":20},"end":{"line":32,"column":70}},{"start":{"line":33,"column":20},"end":{"line":33,"column":26}}]},"3":{"line":37,"type":"cond-expr","locations":[{"start":{"line":38,"column":14},"end":{"line":38,"column":20}},{"start":{"line":39,"column":14},"end":{"line":39,"column":20}}]},"4":{"line":40,"type":"switch","locations":[{"start":{"line":42,"column":8},"end":{"line":47,"column":18}},{"start":{"line":49,"column":8},"end":{"line":52,"column":18}}]},"5":{"line":44,"type":"binary-expr","locations":[{"start":{"line":44,"column":16},"end":{"line":44,"column":44}},{"start":{"line":44,"column":48},"end":{"line":44,"column":66}}]},"6":{"line":50,"type":"binary-expr","locations":[{"start":{"line":50,"column":21},"end":{"line":50,"column":49}},{"start":{"line":50,"column":53},"end":{"line":50,"column":72}}]},"7":{"line":64,"type":"switch","locations":[{"start":{"line":69,"column":4},"end":{"line":70,"column":14}},{"start":{"line":75,"column":4},"end":{"line":76,"column":14}}]},"8":{"line":85,"type":"switch","locations":[{"start":{"line":90,"column":4},"end":{"line":105,"column":14}},{"start":{"line":111,"column":4},"end":{"line":193,"column":14},"skip":true}]},"9":{"line":91,"type":"binary-expr","locations":[{"start":{"line":91,"column":42},"end":{"line":91,"column":73}},{"start":{"line":91,"column":77},"end":{"line":99,"column":9}}]},"10":{"line":102,"type":"binary-expr","locations":[{"start":{"line":102,"column":18},"end":{"line":102,"column":32}},{"start":{"line":103,"column":12},"end":{"line":103,"column":53}},{"start":{"line":104,"column":12},"end":{"line":104,"column":61}}]},"11":{"line":112,"type":"binary-expr","locations":[{"start":{"line":112,"column":45},"end":{"line":112,"column":79},"skip":true},{"start":{"line":112,"column":83},"end":{"line":121,"column":9},"skip":true}]},"12":{"line":123,"type":"binary-expr","locations":[{"start":{"line":123,"column":42},"end":{"line":123,"column":73},"skip":true},{"start":{"line":123,"column":77},"end":{"line":136,"column":9},"skip":true}]},"13":{"line":138,"type":"binary-expr","locations":[{"start":{"line":138,"column":48},"end":{"line":138,"column":85},"skip":true},{"start":{"line":139,"column":12},"end":{"line":145,"column":13},"skip":true}]},"14":{"line":147,"type":"binary-expr","locations":[{"start":{"line":147,"column":42},"end":{"line":147,"column":73},"skip":true},{"start":{"line":147,"column":77},"end":{"line":156,"column":9},"skip":true}]},"15":{"line":158,"type":"binary-expr","locations":[{"start":{"line":158,"column":45},"end":{"line":158,"column":79},"skip":true},{"start":{"line":158,"column":83},"end":{"line":167,"column":9},"skip":true}]},"16":{"line":169,"type":"binary-expr","locations":[{"start":{"line":169,"column":43},"end":{"line":169,"column":75},"skip":true},{"start":{"line":169,"column":79},"end":{"line":178,"column":9},"skip":true}]},"17":{"line":180,"type":"binary-expr","locations":[{"start":{"line":180,"column":41},"end":{"line":180,"column":71},"skip":true},{"start":{"line":180,"column":75},"end":{"line":189,"column":9},"skip":true}]}},"code":["/* istanbul instrument in package npmtest_node_xmpp */","/*jslint","    bitwise: true,","    browser: true,","    maxerr: 8,","    maxlen: 96,","    node: true,","    nomen: true,","    regexp: true,","    stupid: true","*/","(function () {","    'use strict';","    var local;","","","","    // run shared js-env code - init-before","    (function () {","        // init local","        local = {};","        // init modeJs","        local.modeJs = (function () {","            try {","                return typeof navigator.userAgent === 'string' &&","                    typeof document.querySelector('body') === 'object' &&","                    typeof XMLHttpRequest.prototype.open === 'function' &&","                    'browser';","            } catch (errorCaughtBrowser) {","                return module.exports &&","                    typeof process.versions.node === 'string' &&","                    typeof require('http').createServer === 'function' &&","                    'node';","            }","        }());","        // init global","        local.global = local.modeJs === 'browser'","            ? window","            : global;","        switch (local.modeJs) {","        // re-init local from window.local","        case 'browser':","            local = local.global.utility2.objectSetDefault(","                local.global.utility2_rollup || local.global.local,","                local.global.utility2","            );","            break;","        // re-init local from example.js","        case 'node':","            local = (local.global.utility2_rollup || require('utility2'))","                .requireReadme();","            break;","        }","        // export local","        local.global.local = local;","    }());","","","","    // run shared js-env code - function","    (function () {","        return;","    }());","    switch (local.modeJs) {","","","","    // run browser js-env code - function","    case 'browser':","        break;","","","","    // run node js-env code - function","    case 'node':","        break;","    }","","","","    // run shared js-env code - init-after","    (function () {","        return;","    }());","    switch (local.modeJs) {","","","","    // run browser js-env code - init-after","    case 'browser':","        local.testCase_browser_nullCase = local.testCase_browser_nullCase || function (","            options,","            onError","        ) {","        /*","         * this function will test browsers's null-case handling-behavior-behavior","         */","            onError(null, options);","        };","","        // run tests","        local.nop(local.modeTest &&","            document.querySelector('#testRunButton1') &&","            document.querySelector('#testRunButton1').click());","        break;","","","","    // run node js-env code - init-after","    /* istanbul ignore next */","    case 'node':","        local.testCase_buildApidoc_default = local.testCase_buildApidoc_default || function (","            options,","            onError","        ) {","        /*","         * this function will test buildApidoc's default handling-behavior-behavior","         */","            options = { modulePathList: module.paths };","            local.buildApidoc(options, onError);","        };","","        local.testCase_buildApp_default = local.testCase_buildApp_default || function (","            options,","            onError","        ) {","        /*","         * this function will test buildApp's default handling-behavior-behavior","         */","            local.testCase_buildReadme_default(options, local.onErrorThrow);","            local.testCase_buildLib_default(options, local.onErrorThrow);","            local.testCase_buildTest_default(options, local.onErrorThrow);","            local.testCase_buildCustomOrg_default(options, local.onErrorThrow);","            options = [];","            local.buildApp(options, onError);","        };","","        local.testCase_buildCustomOrg_default = local.testCase_buildCustomOrg_default ||","            function (options, onError) {","            /*","             * this function will test buildCustomOrg's default handling-behavior","             */","                options = {};","                local.buildCustomOrg(options, onError);","            };","","        local.testCase_buildLib_default = local.testCase_buildLib_default || function (","            options,","            onError","        ) {","        /*","         * this function will test buildLib's default handling-behavior","         */","            options = {};","            local.buildLib(options, onError);","        };","","        local.testCase_buildReadme_default = local.testCase_buildReadme_default || function (","            options,","            onError","        ) {","        /*","         * this function will test buildReadme's default handling-behavior-behavior","         */","            options = {};","            local.buildReadme(options, onError);","        };","","        local.testCase_buildTest_default = local.testCase_buildTest_default || function (","            options,","            onError","        ) {","        /*","         * this function will test buildTest's default handling-behavior","         */","            options = {};","            local.buildTest(options, onError);","        };","","        local.testCase_webpage_default = local.testCase_webpage_default || function (","            options,","            onError","        ) {","        /*","         * this function will test webpage's default handling-behavior","         */","            options = { modeCoverageMerge: true, url: local.serverLocalHost + '?modeTest=1' };","            local.browserTest(options, onError);","        };","","        // run test-server","        local.testRunServer(local);","        break;","    }","}());",""],"l":{"12":2,"14":2,"19":2,"21":2,"23":2,"24":2,"25":2,"30":1,"37":2,"40":2,"43":1,"47":1,"50":1,"52":1,"55":2,"61":2,"62":2,"64":2,"70":1,"76":1,"82":2,"83":2,"85":2,"91":1,"98":1,"102":1,"105":1,"112":1,"119":1,"120":1,"123":1,"130":1,"131":1,"132":1,"133":1,"134":1,"135":1,"138":1,"143":2,"144":2,"147":1,"154":2,"155":2,"158":1,"165":2,"166":2,"169":1,"176":2,"177":2,"180":1,"187":1,"188":1,"192":1,"193":1}},"/home/travis/build/npmtest/node-npmtest-node-xmpp/lib.npmtest_node_xmpp.js":{"path":"/home/travis/build/npmtest/node-npmtest-node-xmpp/lib.npmtest_node_xmpp.js","s":{"1":2,"2":2,"3":2,"4":2,"5":2,"6":2,"7":2,"8":1,"9":2,"10":2,"11":2,"12":2,"13":1,"14":1,"15":1,"16":1},"b":{"1":[2,1,1,1],"2":[1,1,1,1],"3":[1,1],"4":[2,2],"5":[1,1]},"f":{"1":2,"2":2,"3":2},"fnMap":{"1":{"name":"(anonymous_1)","line":12,"loc":{"start":{"line":12,"column":1},"end":{"line":12,"column":13}}},"2":{"name":"(anonymous_2)","line":19,"loc":{"start":{"line":19,"column":5},"end":{"line":19,"column":17}}},"3":{"name":"(anonymous_3)","line":23,"loc":{"start":{"line":23,"column":24},"end":{"line":23,"column":36}}}},"statementMap":{"1":{"start":{"line":12,"column":0},"end":{"line":53,"column":5}},"2":{"start":{"line":14,"column":4},"end":{"line":14,"column":14}},"3":{"start":{"line":19,"column":4},"end":{"line":52,"column":9}},"4":{"start":{"line":21,"column":8},"end":{"line":21,"column":19}},"5":{"start":{"line":23,"column":8},"end":{"line":35,"column":13}},"6":{"start":{"line":24,"column":12},"end":{"line":34,"column":13}},"7":{"start":{"line":25,"column":16},"end":{"line":28,"column":30}},"8":{"start":{"line":30,"column":16},"end":{"line":33,"column":27}},"9":{"start":{"line":37,"column":8},"end":{"line":39,"column":21}},"10":{"start":{"line":41,"column":8},"end":{"line":41,"column":54}},"11":{"start":{"line":43,"column":8},"end":{"line":43,"column":54}},"12":{"start":{"line":45,"column":8},"end":{"line":51,"column":9}},"13":{"start":{"line":46,"column":12},"end":{"line":46,"column":60}},"14":{"start":{"line":48,"column":12},"end":{"line":48,"column":35}},"15":{"start":{"line":49,"column":12},"end":{"line":49,"column":49}},"16":{"start":{"line":50,"column":12},"end":{"line":50,"column":43}}},"branchMap":{"1":{"line":25,"type":"binary-expr","locations":[{"start":{"line":25,"column":23},"end":{"line":25,"column":62}},{"start":{"line":26,"column":20},"end":{"line":26,"column":70}},{"start":{"line":27,"column":20},"end":{"line":27,"column":71}},{"start":{"line":28,"column":20},"end":{"line":28,"column":29}}]},"2":{"line":30,"type":"binary-expr","locations":[{"start":{"line":30,"column":23},"end":{"line":30,"column":37}},{"start":{"line":31,"column":20},"end":{"line":31,"column":61}},{"start":{"line":32,"column":20},"end":{"line":32,"column":70}},{"start":{"line":33,"column":20},"end":{"line":33,"column":26}}]},"3":{"line":37,"type":"cond-expr","locations":[{"start":{"line":38,"column":14},"end":{"line":38,"column":20}},{"start":{"line":39,"column":14},"end":{"line":39,"column":20}}]},"4":{"line":41,"type":"binary-expr","locations":[{"start":{"line":41,"column":16},"end":{"line":41,"column":44}},{"start":{"line":41,"column":48},"end":{"line":41,"column":53}}]},"5":{"line":45,"type":"if","locations":[{"start":{"line":45,"column":8},"end":{"line":45,"column":8}},{"start":{"line":45,"column":8},"end":{"line":45,"column":8}}]}},"code":["/* istanbul instrument in package npmtest_node_xmpp */","/*jslint","    bitwise: true,","    browser: true,","    maxerr: 8,","    maxlen: 96,","    node: true,","    nomen: true,","    regexp: true,","    stupid: true","*/","(function () {","    'use strict';","    var local;","","","","    // run shared js-env code - init-before","    (function () {","        // init local","        local = {};","        // init modeJs","        local.modeJs = (function () {","            try {","                return typeof navigator.userAgent === 'string' &&","                    typeof document.querySelector('body') === 'object' &&","                    typeof XMLHttpRequest.prototype.open === 'function' &&","                    'browser';","            } catch (errorCaughtBrowser) {","                return module.exports &&","                    typeof process.versions.node === 'string' &&","                    typeof require('http').createServer === 'function' &&","                    'node';","            }","        }());","        // init global","        local.global = local.modeJs === 'browser'","            ? window","            : global;","        // init utility2_rollup","        local = local.global.utility2_rollup || local;","        // init lib","        local.local = local.npmtest_node_xmpp = local;","        // init exports","        if (local.modeJs === 'browser') {","            local.global.utility2_npmtest_node_xmpp = local;","        } else {","            module.exports = local;","            module.exports.__dirname = __dirname;","            module.exports.module = module;","        }","    }());","}());",""],"l":{"12":2,"14":2,"19":2,"21":2,"23":2,"24":2,"25":2,"30":1,"37":2,"41":2,"43":2,"45":2,"46":1,"48":1,"49":1,"50":1}},"/home/travis/build/npmtest/node-npmtest-node-xmpp/example.js":{"path":"/home/travis/build/npmtest/node-npmtest-node-xmpp/example.js","s":{"1":2,"2":2,"3":2,"4":2,"5":2,"6":2,"7":2,"8":1,"9":2,"10":2,"11":2,"12":2,"13":1,"14":2,"15":2,"16":2,"17":2,"18":2,"19":0,"20":2,"21":1,"22":1,"23":1,"24":1,"25":1,"26":0,"27":0,"28":1,"29":1,"30":2,"31":0,"32":0,"33":0,"34":1,"35":2,"36":2,"37":3,"38":3,"39":3,"40":3,"41":0,"42":3,"43":3,"44":3,"45":1,"46":3,"47":1,"48":1,"49":1,"50":1,"51":1,"52":1,"53":1,"54":1,"55":1,"56":1,"57":0,"58":1,"59":6,"60":6,"61":1,"62":2,"63":0,"64":2,"65":1,"66":1,"67":0,"68":0,"69":0,"70":0,"71":0,"72":0,"73":0,"74":0,"75":0,"76":0,"77":0,"78":0,"79":0,"80":0,"81":0,"82":0,"83":0},"b":{"1":[2,1,1,1],"2":[1,1,1,1],"3":[1,1],"4":[2,2],"5":[1,1],"6":[1,1],"7":[2,0],"8":[2,1,1,1,1,1],"9":[0,2,0],"10":[1,1],"11":[2,1,1],"12":[1,0],"13":[0,2],"14":[2,0,0,0,0,0,0],"15":[0,3],"16":[3,0],"17":[1,1],"18":[0,1],"19":[1,2,0,2],"20":[1,0],"21":[1,1],"22":[0,0],"23":[0,0],"24":[0,0],"25":[0,0],"26":[0,0],"27":[0,0],"28":[0,0]},"f":{"1":2,"2":2,"3":2,"4":2,"5":2,"6":2,"7":3,"8":3,"9":3,"10":1,"11":6,"12":0},"fnMap":{"1":{"name":"(anonymous_1)","line":26,"loc":{"start":{"line":26,"column":1},"end":{"line":26,"column":13}}},"2":{"name":"(anonymous_2)","line":33,"loc":{"start":{"line":33,"column":5},"end":{"line":33,"column":17}}},"3":{"name":"(anonymous_3)","line":37,"loc":{"start":{"line":37,"column":24},"end":{"line":37,"column":36}}},"4":{"name":"(anonymous_4)","line":69,"loc":{"start":{"line":69,"column":31},"end":{"line":69,"column":48}},"skip":true},"5":{"name":"(anonymous_5)","line":78,"loc":{"start":{"line":78,"column":26},"end":{"line":78,"column":45}},"skip":true},"6":{"name":"(anonymous_6)","line":123,"loc":{"start":{"line":123,"column":33},"end":{"line":123,"column":48}},"skip":true},"7":{"name":"(anonymous_7)","line":125,"loc":{"start":{"line":125,"column":27},"end":{"line":125,"column":39}},"skip":true},"8":{"name":"(anonymous_8)","line":133,"loc":{"start":{"line":133,"column":59},"end":{"line":133,"column":74}},"skip":true},"9":{"name":"(anonymous_9)","line":143,"loc":{"start":{"line":143,"column":45},"end":{"line":143,"column":62}},"skip":true},"10":{"name":"(anonymous_10)","line":144,"loc":{"start":{"line":144,"column":73},"end":{"line":144,"column":92}},"skip":true},"11":{"name":"(anonymous_11)","line":272,"loc":{"start":{"line":272,"column":51},"end":{"line":272,"column":77}},"skip":true},"12":{"name":"(anonymous_12)","line":315,"loc":{"start":{"line":315,"column":32},"end":{"line":315,"column":61}},"skip":true}},"statementMap":{"1":{"start":{"line":26,"column":0},"end":{"line":326,"column":5}},"2":{"start":{"line":28,"column":4},"end":{"line":28,"column":14}},"3":{"start":{"line":33,"column":4},"end":{"line":60,"column":9}},"4":{"start":{"line":35,"column":8},"end":{"line":35,"column":19}},"5":{"start":{"line":37,"column":8},"end":{"line":49,"column":13}},"6":{"start":{"line":38,"column":12},"end":{"line":48,"column":13}},"7":{"start":{"line":39,"column":16},"end":{"line":42,"column":30}},"8":{"start":{"line":44,"column":16},"end":{"line":47,"column":27}},"9":{"start":{"line":51,"column":8},"end":{"line":53,"column":21}},"10":{"start":{"line":55,"column":8},"end":{"line":57,"column":45}},"11":{"start":{"line":59,"column":8},"end":{"line":59,"column":35}},"12":{"start":{"line":61,"column":4},"end":{"line":325,"column":5}},"13":{"start":{"line":69,"column":8},"end":{"line":121,"column":10},"skip":true},"14":{"start":{"line":70,"column":12},"end":{"line":88,"column":13},"skip":true},"15":{"start":{"line":76,"column":16},"end":{"line":87,"column":19},"skip":true},"16":{"start":{"line":79,"column":20},"end":{"line":86,"column":21},"skip":true},"17":{"start":{"line":82,"column":24},"end":{"line":82,"column":43},"skip":true},"18":{"start":{"line":83,"column":24},"end":{"line":83,"column":30},"skip":true},"19":{"start":{"line":85,"column":24},"end":{"line":85,"column":49},"skip":true},"20":{"start":{"line":89,"column":12},"end":{"line":107,"column":13},"skip":true},"21":{"start":{"line":92,"column":16},"end":{"line":102,"column":17},"skip":true},"22":{"start":{"line":93,"column":20},"end":{"line":93,"column":86},"skip":true},"23":{"start":{"line":94,"column":20},"end":{"line":95,"column":45},"skip":true},"24":{"start":{"line":96,"column":20},"end":{"line":96,"column":42},"skip":true},"25":{"start":{"line":97,"column":20},"end":{"line":97,"column":48},"skip":true},"26":{"start":{"line":100,"column":20},"end":{"line":100,"column":85},"skip":true},"27":{"start":{"line":101,"column":20},"end":{"line":101,"column":96},"skip":true},"28":{"start":{"line":103,"column":16},"end":{"line":103,"column":22},"skip":true},"29":{"start":{"line":106,"column":16},"end":{"line":106,"column":22},"skip":true},"30":{"start":{"line":108,"column":12},"end":{"line":120,"column":13},"skip":true},"31":{"start":{"line":114,"column":16},"end":{"line":119,"column":17},"skip":true},"32":{"start":{"line":116,"column":20},"end":{"line":116,"column":78},"skip":true},"33":{"start":{"line":118,"column":20},"end":{"line":118,"column":47},"skip":true},"34":{"start":{"line":123,"column":8},"end":{"line":141,"column":11},"skip":true},"35":{"start":{"line":124,"column":12},"end":{"line":124,"column":54},"skip":true},"36":{"start":{"line":125,"column":12},"end":{"line":140,"column":14},"skip":true},"37":{"start":{"line":126,"column":16},"end":{"line":126,"column":28},"skip":true},"38":{"start":{"line":127,"column":16},"end":{"line":127,"column":69},"skip":true},"39":{"start":{"line":128,"column":16},"end":{"line":128,"column":75},"skip":true},"40":{"start":{"line":129,"column":16},"end":{"line":131,"column":17},"skip":true},"41":{"start":{"line":130,"column":20},"end":{"line":130,"column":27},"skip":true},"42":{"start":{"line":133,"column":16},"end":{"line":137,"column":36},"skip":true},"43":{"start":{"line":134,"column":20},"end":{"line":136,"column":55},"skip":true},"44":{"start":{"line":139,"column":16},"end":{"line":139,"column":57},"skip":true},"45":{"start":{"line":143,"column":8},"end":{"line":147,"column":11},"skip":true},"46":{"start":{"line":144,"column":12},"end":{"line":146,"column":15},"skip":true},"47":{"start":{"line":145,"column":16},"end":{"line":145,"column":70},"skip":true},"48":{"start":{"line":149,"column":8},"end":{"line":149,"column":31},"skip":true},"49":{"start":{"line":150,"column":8},"end":{"line":150,"column":14},"skip":true},"50":{"start":{"line":158,"column":8},"end":{"line":158,"column":31},"skip":true},"51":{"start":{"line":160,"column":8},"end":{"line":160,"column":33},"skip":true},"52":{"start":{"line":161,"column":8},"end":{"line":161,"column":37},"skip":true},"53":{"start":{"line":162,"column":8},"end":{"line":162,"column":35},"skip":true},"54":{"start":{"line":164,"column":8},"end":{"line":164,"column":50},"skip":true},"55":{"start":{"line":166,"column":8},"end":{"line":256,"column":2},"skip":true},"56":{"start":{"line":258,"column":8},"end":{"line":286,"column":9},"skip":true},"57":{"start":{"line":259,"column":12},"end":{"line":269,"column":14},"skip":true},"58":{"start":{"line":271,"column":12},"end":{"line":285,"column":19},"skip":true},"59":{"start":{"line":274,"column":20},"end":{"line":274,"column":35},"skip":true},"60":{"start":{"line":275,"column":20},"end":{"line":284,"column":21},"skip":true},"61":{"start":{"line":277,"column":24},"end":{"line":277,"column":64},"skip":true},"62":{"start":{"line":279,"column":24},"end":{"line":279,"column":40},"skip":true},"63":{"start":{"line":281,"column":24},"end":{"line":281,"column":40},"skip":true},"64":{"start":{"line":283,"column":24},"end":{"line":283,"column":39},"skip":true},"65":{"start":{"line":288,"column":8},"end":{"line":290,"column":9},"skip":true},"66":{"start":{"line":289,"column":12},"end":{"line":289,"column":18},"skip":true},"67":{"start":{"line":291,"column":8},"end":{"line":293,"column":54},"skip":true},"68":{"start":{"line":296,"column":8},"end":{"line":301,"column":37},"skip":true},"69":{"start":{"line":303,"column":8},"end":{"line":303,"column":82},"skip":true},"70":{"start":{"line":306,"column":8},"end":{"line":308,"column":9},"skip":true},"71":{"start":{"line":307,"column":12},"end":{"line":307,"column":82},"skip":true},"72":{"start":{"line":310,"column":8},"end":{"line":312,"column":9},"skip":true},"73":{"start":{"line":311,"column":12},"end":{"line":311,"column":18},"skip":true},"74":{"start":{"line":313,"column":8},"end":{"line":313,"column":54},"skip":true},"75":{"start":{"line":314,"column":8},"end":{"line":314,"column":69},"skip":true},"76":{"start":{"line":315,"column":8},"end":{"line":323,"column":36},"skip":true},"77":{"start":{"line":316,"column":12},"end":{"line":316,"column":61},"skip":true},"78":{"start":{"line":317,"column":12},"end":{"line":320,"column":13},"skip":true},"79":{"start":{"line":318,"column":16},"end":{"line":318,"column":75},"skip":true},"80":{"start":{"line":319,"column":16},"end":{"line":319,"column":23},"skip":true},"81":{"start":{"line":321,"column":12},"end":{"line":321,"column":38},"skip":true},"82":{"start":{"line":322,"column":12},"end":{"line":322,"column":27},"skip":true},"83":{"start":{"line":324,"column":8},"end":{"line":324,"column":14},"skip":true}},"branchMap":{"1":{"line":39,"type":"binary-expr","locations":[{"start":{"line":39,"column":23},"end":{"line":39,"column":62}},{"start":{"line":40,"column":20},"end":{"line":40,"column":70}},{"start":{"line":41,"column":20},"end":{"line":41,"column":71}},{"start":{"line":42,"column":20},"end":{"line":42,"column":29}}]},"2":{"line":44,"type":"binary-expr","locations":[{"start":{"line":44,"column":23},"end":{"line":44,"column":37}},{"start":{"line":45,"column":20},"end":{"line":45,"column":61}},{"start":{"line":46,"column":20},"end":{"line":46,"column":70}},{"start":{"line":47,"column":20},"end":{"line":47,"column":26}}]},"3":{"line":51,"type":"cond-expr","locations":[{"start":{"line":52,"column":14},"end":{"line":52,"column":20}},{"start":{"line":53,"column":14},"end":{"line":53,"column":20}}]},"4":{"line":55,"type":"binary-expr","locations":[{"start":{"line":55,"column":16},"end":{"line":55,"column":44}},{"start":{"line":55,"column":49},"end":{"line":57,"column":43}}]},"5":{"line":55,"type":"cond-expr","locations":[{"start":{"line":56,"column":14},"end":{"line":56,"column":53}},{"start":{"line":57,"column":14},"end":{"line":57,"column":43}}]},"6":{"line":61,"type":"switch","locations":[{"start":{"line":68,"column":4},"end":{"line":150,"column":14},"skip":true},{"start":{"line":156,"column":4},"end":{"line":324,"column":14},"skip":true}]},"7":{"line":70,"type":"if","locations":[{"start":{"line":70,"column":12},"end":{"line":70,"column":12},"skip":true},{"start":{"line":70,"column":12},"end":{"line":70,"column":12},"skip":true}]},"8":{"line":70,"type":"binary-expr","locations":[{"start":{"line":70,"column":16},"end":{"line":70,"column":22},"skip":true},{"start":{"line":70,"column":27},"end":{"line":70,"column":32},"skip":true},{"start":{"line":71,"column":20},"end":{"line":71,"column":39},"skip":true},{"start":{"line":72,"column":20},"end":{"line":72,"column":49},"skip":true},{"start":{"line":73,"column":20},"end":{"line":73,"column":58},"skip":true},{"start":{"line":74,"column":20},"end":{"line":74,"column":69},"skip":true}]},"9":{"line":79,"type":"switch","locations":[{"start":{"line":80,"column":20},"end":{"line":80,"column":33},"skip":true},{"start":{"line":81,"column":20},"end":{"line":83,"column":30},"skip":true},{"start":{"line":84,"column":20},"end":{"line":85,"column":49},"skip":true}]},"10":{"line":89,"type":"switch","locations":[{"start":{"line":90,"column":12},"end":{"line":103,"column":22},"skip":true},{"start":{"line":105,"column":12},"end":{"line":106,"column":22},"skip":true}]},"11":{"line":89,"type":"binary-expr","locations":[{"start":{"line":89,"column":20},"end":{"line":89,"column":25},"skip":true},{"start":{"line":89,"column":29},"end":{"line":89,"column":48},"skip":true},{"start":{"line":89,"column":52},"end":{"line":89,"column":74},"skip":true}]},"12":{"line":92,"type":"if","locations":[{"start":{"line":92,"column":16},"end":{"line":92,"column":16},"skip":true},{"start":{"line":92,"column":16},"end":{"line":92,"column":16},"skip":true}]},"13":{"line":108,"type":"if","locations":[{"start":{"line":108,"column":12},"end":{"line":108,"column":12},"skip":true},{"start":{"line":108,"column":12},"end":{"line":108,"column":12},"skip":true}]},"14":{"line":108,"type":"binary-expr","locations":[{"start":{"line":108,"column":16},"end":{"line":108,"column":61},"skip":true},{"start":{"line":108,"column":66},"end":{"line":108,"column":72},"skip":true},{"start":{"line":108,"column":77},"end":{"line":108,"column":82},"skip":true},{"start":{"line":109,"column":20},"end":{"line":109,"column":39},"skip":true},{"start":{"line":110,"column":20},"end":{"line":110,"column":49},"skip":true},{"start":{"line":111,"column":20},"end":{"line":111,"column":58},"skip":true},{"start":{"line":112,"column":20},"end":{"line":112,"column":68},"skip":true}]},"15":{"line":129,"type":"if","locations":[{"start":{"line":129,"column":16},"end":{"line":129,"column":16},"skip":true},{"start":{"line":129,"column":16},"end":{"line":129,"column":16},"skip":true}]},"16":{"line":134,"type":"cond-expr","locations":[{"start":{"line":135,"column":26},"end":{"line":135,"column":29},"skip":true},{"start":{"line":136,"column":26},"end":{"line":136,"column":54},"skip":true}]},"17":{"line":164,"type":"binary-expr","locations":[{"start":{"line":164,"column":27},"end":{"line":164,"column":43},"skip":true},{"start":{"line":164,"column":47},"end":{"line":164,"column":49},"skip":true}]},"18":{"line":258,"type":"if","locations":[{"start":{"line":258,"column":8},"end":{"line":258,"column":8},"skip":true},{"start":{"line":258,"column":8},"end":{"line":258,"column":8},"skip":true}]},"19":{"line":275,"type":"switch","locations":[{"start":{"line":276,"column":20},"end":{"line":277,"column":64},"skip":true},{"start":{"line":278,"column":20},"end":{"line":279,"column":40},"skip":true},{"start":{"line":280,"column":20},"end":{"line":281,"column":40},"skip":true},{"start":{"line":282,"column":20},"end":{"line":283,"column":39},"skip":true}]},"20":{"line":288,"type":"if","locations":[{"start":{"line":288,"column":8},"end":{"line":288,"column":8},"skip":true},{"start":{"line":288,"column":8},"end":{"line":288,"column":8},"skip":true}]},"21":{"line":288,"type":"binary-expr","locations":[{"start":{"line":288,"column":12},"end":{"line":288,"column":40},"skip":true},{"start":{"line":288,"column":44},"end":{"line":288,"column":67},"skip":true}]},"22":{"line":292,"type":"binary-expr","locations":[{"start":{"line":292,"column":12},"end":{"line":292,"column":50},"skip":true},{"start":{"line":293,"column":12},"end":{"line":293,"column":53},"skip":true}]},"23":{"line":297,"type":"binary-expr","locations":[{"start":{"line":297,"column":12},"end":{"line":297,"column":67},"skip":true},{"start":{"line":298,"column":12},"end":{"line":301,"column":36},"skip":true}]},"24":{"line":303,"type":"binary-expr","locations":[{"start":{"line":303,"column":43},"end":{"line":303,"column":75},"skip":true},{"start":{"line":303,"column":79},"end":{"line":303,"column":81},"skip":true}]},"25":{"line":306,"type":"if","locations":[{"start":{"line":306,"column":8},"end":{"line":306,"column":8},"skip":true},{"start":{"line":306,"column":8},"end":{"line":306,"column":8},"skip":true}]},"26":{"line":310,"type":"if","locations":[{"start":{"line":310,"column":8},"end":{"line":310,"column":8},"skip":true},{"start":{"line":310,"column":8},"end":{"line":310,"column":8},"skip":true}]},"27":{"line":313,"type":"binary-expr","locations":[{"start":{"line":313,"column":27},"end":{"line":313,"column":43},"skip":true},{"start":{"line":313,"column":47},"end":{"line":313,"column":53},"skip":true}]},"28":{"line":317,"type":"if","locations":[{"start":{"line":317,"column":12},"end":{"line":317,"column":12},"skip":true},{"start":{"line":317,"column":12},"end":{"line":317,"column":12},"skip":true}]}},"code":["/*","example.js","","quickstart example","","instruction","    1. save this script as example.js","    2. run the shell command:","        $ npm install npmtest-node-xmpp && PORT=8081 node example.js","    3. play with the browser-demo on http://127.0.0.1:8081","*/","","","","/* istanbul instrument in package npmtest_node_xmpp */","/*jslint","    bitwise: true,","    browser: true,","    maxerr: 8,","    maxlen: 96,","    node: true,","    nomen: true,","    regexp: true,","    stupid: true","*/","(function () {","    'use strict';","    var local;","","","","    // run shared js-env code - init-before","    (function () {","        // init local","        local = {};","        // init modeJs","        local.modeJs = (function () {","            try {","                return typeof navigator.userAgent === 'string' &&","                    typeof document.querySelector('body') === 'object' &&","                    typeof XMLHttpRequest.prototype.open === 'function' &&","                    'browser';","            } catch (errorCaughtBrowser) {","                return module.exports &&","                    typeof process.versions.node === 'string' &&","                    typeof require('http').createServer === 'function' &&","                    'node';","            }","        }());","        // init global","        local.global = local.modeJs === 'browser'","            ? window","            : global;","        // init utility2_rollup","        local = local.global.utility2_rollup || (local.modeJs === 'browser'","            ? local.global.utility2_npmtest_node_xmpp","            : global.utility2_moduleExports);","        // export local","        local.global.local = local;","    }());","    switch (local.modeJs) {","","","","    // init-after","    // run browser js-env code - init-after","    /* istanbul ignore next */","    case 'browser':","        local.testRunBrowser = function (event) {","            if (!event || (event &&","                    event.currentTarget &&","                    event.currentTarget.className &&","                    event.currentTarget.className.includes &&","                    event.currentTarget.className.includes('onreset'))) {","                // reset output","                Array.from(","                    document.querySelectorAll('body > .resettable')","                ).forEach(function (element) {","                    switch (element.tagName) {","                    case 'INPUT':","                    case 'TEXTAREA':","                        element.value = '';","                        break;","                    default:","                        element.textContent = '';","                    }","                });","            }","            switch (event && event.currentTarget && event.currentTarget.id) {","            case 'testRunButton1':","                // show tests","                if (document.querySelector('#testReportDiv1').style.display === 'none') {","                    document.querySelector('#testReportDiv1').style.display = 'block';","                    document.querySelector('#testRunButton1').textContent =","                        'hide internal test';","                    local.modeTest = true;","                    local.testRunDefault(local);","                // hide tests","                } else {","                    document.querySelector('#testReportDiv1').style.display = 'none';","                    document.querySelector('#testRunButton1').textContent = 'run internal test';","                }","                break;","            // custom-case","            default:","                break;","            }","            if (document.querySelector('#inputTextareaEval1') && (!event || (event &&","                    event.currentTarget &&","                    event.currentTarget.className &&","                    event.currentTarget.className.includes &&","                    event.currentTarget.className.includes('oneval')))) {","                // try to eval input-code","                try {","                    /*jslint evil: true*/","                    eval(document.querySelector('#inputTextareaEval1').value);","                } catch (errorCaught) {","                    console.error(errorCaught);","                }","            }","        };","        // log stderr and stdout to #outputTextareaStdout1","        ['error', 'log'].forEach(function (key) {","            console[key + '_original'] = console[key];","            console[key] = function () {","                var element;","                console[key + '_original'].apply(console, arguments);","                element = document.querySelector('#outputTextareaStdout1');","                if (!element) {","                    return;","                }","                // append text to #outputTextareaStdout1","                element.value += Array.from(arguments).map(function (arg) {","                    return typeof arg === 'string'","                        ? arg","                        : JSON.stringify(arg, null, 4);","                }).join(' ') + '\\n';","                // scroll textarea to bottom","                element.scrollTop = element.scrollHeight;","            };","        });","        // init event-handling","        ['change', 'click', 'keyup'].forEach(function (event) {","            Array.from(document.querySelectorAll('.on' + event)).forEach(function (element) {","                element.addEventListener(event, local.testRunBrowser);","            });","        });","        // run tests","        local.testRunBrowser();","        break;","","","","    // run node js-env code - init-after","    /* istanbul ignore next */","    case 'node':","        // export local","        module.exports = local;","        // require modules","        local.fs = require('fs');","        local.http = require('http');","        local.url = require('url');","        // init assets","        local.assetsDict = local.assetsDict || {};","        /* jslint-ignore-begin */","        local.assetsDict['/assets.index.template.html'] = '\\","<!doctype html>\\n\\","<html lang=\"en\">\\n\\","<head>\\n\\","<meta charset=\"UTF-8\">\\n\\","<meta name=\"viewport\" content=\"width=device-width, initial-scale=1\">\\n\\","<title>{{env.npm_package_name}} (v{{env.npm_package_version}})</title>\\n\\","<style>\\n\\","/*csslint\\n\\","    box-sizing: false,\\n\\","    universal-selector: false\\n\\","*/\\n\\","* {\\n\\","    box-sizing: border-box;\\n\\","}\\n\\","body {\\n\\","    background: #dde;\\n\\","    font-family: Arial, Helvetica, sans-serif;\\n\\","    margin: 2rem;\\n\\","}\\n\\","body > * {\\n\\","    margin-bottom: 1rem;\\n\\","}\\n\\",".utility2FooterDiv {\\n\\","    margin-top: 20px;\\n\\","    text-align: center;\\n\\","}\\n\\","</style>\\n\\","<style>\\n\\","/*csslint\\n\\","*/\\n\\","textarea {\\n\\","    font-family: monospace;\\n\\","    height: 10rem;\\n\\","    width: 100%;\\n\\","}\\n\\","textarea[readonly] {\\n\\","    background: #ddd;\\n\\","}\\n\\","</style>\\n\\","</head>\\n\\","<body>\\n\\","<!-- utility2-comment\\n\\","<div id=\"ajaxProgressDiv1\" style=\"background: #d00; height: 2px; left: 0; margin: 0; padding: 0; position: fixed; top: 0; transition: background 0.5s, width 1.5s; width: 25%;\"></div>\\n\\","utility2-comment -->\\n\\","<h1>\\n\\","<!-- utility2-comment\\n\\","    <a\\n\\","        {{#if env.npm_package_homepage}}\\n\\","        href=\"{{env.npm_package_homepage}}\"\\n\\","        {{/if env.npm_package_homepage}}\\n\\","        target=\"_blank\"\\n\\","    >\\n\\","utility2-comment -->\\n\\","        {{env.npm_package_name}} (v{{env.npm_package_version}})\\n\\","<!-- utility2-comment\\n\\","    </a>\\n\\","utility2-comment -->\\n\\","</h1>\\n\\","<h3>{{env.npm_package_description}}</h3>\\n\\","<!-- utility2-comment\\n\\","<h4><a download href=\"assets.app.js\">download standalone app</a></h4>\\n\\","<button class=\"onclick onreset\" id=\"testRunButton1\">run internal test</button><br>\\n\\","<div id=\"testReportDiv1\" style=\"display: none;\"></div>\\n\\","utility2-comment -->\\n\\","\\n\\","\\n\\","\\n\\","<label>stderr and stdout</label>\\n\\","<textarea class=\"resettable\" id=\"outputTextareaStdout1\" readonly></textarea>\\n\\","<!-- utility2-comment\\n\\","{{#if isRollup}}\\n\\","<script src=\"assets.app.js\"></script>\\n\\","{{#unless isRollup}}\\n\\","utility2-comment -->\\n\\","<script src=\"assets.utility2.rollup.js\"></script>\\n\\","<script src=\"jsonp.utility2._stateInit?callback=window.utility2._stateInit\"></script>\\n\\","<script src=\"assets.npmtest_node_xmpp.rollup.js\"></script>\\n\\","<script src=\"assets.example.js\"></script>\\n\\","<script src=\"assets.test.js\"></script>\\n\\","<!-- utility2-comment\\n\\","{{/if isRollup}}\\n\\","utility2-comment -->\\n\\","<div class=\"utility2FooterDiv\">\\n\\","    [ this app was created with\\n\\","    <a href=\"https://github.com/kaizhu256/node-utility2\" target=\"_blank\">utility2</a>\\n\\","    ]\\n\\","</div>\\n\\","</body>\\n\\","</html>\\n\\","';","        /* jslint-ignore-end */","        if (local.templateRender) {","            local.assetsDict['/'] = local.templateRender(","                local.assetsDict['/assets.index.template.html'],","                {","                    env: local.objectSetDefault(local.env, {","                        npm_package_description: 'the greatest app in the world!',","                        npm_package_name: 'my-app',","                        npm_package_nameAlias: 'my_app',","                        npm_package_version: '0.0.1'","                    })","                }","            );","        } else {","            local.assetsDict['/'] = local.assetsDict['/assets.index.template.html']","                .replace((/\\{\\{env\\.(\\w+?)\\}\\}/g), function (match0, match1) {","                    // jslint-hack","                    String(match0);","                    switch (match1) {","                    case 'npm_package_description':","                        return 'the greatest app in the world!';","                    case 'npm_package_name':","                        return 'my-app';","                    case 'npm_package_nameAlias':","                        return 'my_app';","                    case 'npm_package_version':","                        return '0.0.1';","                    }","                });","        }","        // run the cli","        if (local.global.utility2_rollup || module !== require.main) {","            break;","        }","        local.assetsDict['/assets.example.js'] =","            local.assetsDict['/assets.example.js'] ||","            local.fs.readFileSync(__filename, 'utf8');","        // bug-workaround - long $npm_package_buildCustomOrg","        /* jslint-ignore-begin */","        local.assetsDict['/assets.npmtest_node_xmpp.rollup.js'] =","            local.assetsDict['/assets.npmtest_node_xmpp.rollup.js'] ||","            local.fs.readFileSync(","                local.npmtest_node_xmpp.__dirname + '/lib.npmtest_node_xmpp.js',","                'utf8'","            ).replace((/^#!/), '//');","        /* jslint-ignore-end */","        local.assetsDict['/favicon.ico'] = local.assetsDict['/favicon.ico'] || '';","        // if $npm_config_timeout_exit exists,","        // then exit this process after $npm_config_timeout_exit ms","        if (Number(process.env.npm_config_timeout_exit)) {","            setTimeout(process.exit, Number(process.env.npm_config_timeout_exit));","        }","        // start server","        if (local.global.utility2_serverHttp1) {","            break;","        }","        process.env.PORT = process.env.PORT || '8081';","        console.error('server starting on port ' + process.env.PORT);","        local.http.createServer(function (request, response) {","            request.urlParsed = local.url.parse(request.url);","            if (local.assetsDict[request.urlParsed.pathname] !== undefined) {","                response.end(local.assetsDict[request.urlParsed.pathname]);","                return;","            }","            response.statusCode = 404;","            response.end();","        }).listen(process.env.PORT);","        break;","    }","}());",""],"l":{"26":2,"28":2,"33":2,"35":2,"37":2,"38":2,"39":2,"44":1,"51":2,"55":2,"59":2,"61":2,"69":1,"70":2,"76":2,"79":2,"82":2,"83":2,"85":1,"89":2,"92":1,"93":1,"94":1,"96":1,"97":1,"100":1,"101":1,"103":1,"106":1,"108":2,"114":1,"116":1,"118":1,"123":1,"124":2,"125":2,"126":3,"127":3,"128":3,"129":3,"130":1,"133":3,"134":3,"139":3,"143":1,"144":3,"145":1,"149":1,"150":1,"158":1,"160":1,"161":1,"162":1,"164":1,"166":1,"258":1,"259":1,"271":1,"274":6,"275":6,"277":1,"279":2,"281":1,"283":2,"288":1,"289":1,"291":1,"296":1,"303":1,"306":1,"307":1,"310":1,"311":1,"313":1,"314":1,"315":1,"316":1,"317":1,"318":1,"319":1,"321":1,"322":1,"324":1}},"/home/travis/build/npmtest/node-npmtest-node-xmpp/node_modules/node-xmpp/index.js":{"path":"/home/travis/build/npmtest/node-npmtest-node-xmpp/node_modules/node-xmpp/index.js","s":{"1":1,"2":1,"3":1,"4":1,"5":1,"6":1,"7":1,"8":1},"b":{},"f":{},"fnMap":{},"statementMap":{"1":{"start":{"line":3,"column":0},"end":{"line":3,"column":36}},"2":{"start":{"line":4,"column":0},"end":{"line":4,"column":40}},"3":{"start":{"line":5,"column":0},"end":{"line":5,"column":40}},"4":{"start":{"line":6,"column":0},"end":{"line":6,"column":46}},"5":{"start":{"line":8,"column":0},"end":{"line":8,"column":23}},"6":{"start":{"line":9,"column":0},"end":{"line":9,"column":29}},"7":{"start":{"line":10,"column":0},"end":{"line":10,"column":23}},"8":{"start":{"line":12,"column":0},"end":{"line":12,"column":29}}},"branchMap":{},"code":["'use strict'","","var core = require('node-xmpp-core')","var client = require('node-xmpp-client')","var server = require('node-xmpp-server')","var component = require('node-xmpp-component')","","exports.Client = client","exports.Component = component","exports.server = server","","core.exportCoreUtils(exports)",""],"l":{"3":1,"4":1,"5":1,"6":1,"8":1,"9":1,"10":1,"12":1}},"/home/travis/build/npmtest/node-npmtest-node-xmpp/node_modules/node-xmpp-core/index.js":{"path":"/home/travis/build/npmtest/node-npmtest-node-xmpp/node_modules/node-xmpp-core/index.js","s":{"1":1,"2":1,"3":1,"4":1,"5":1,"6":1,"7":1,"8":5,"9":5,"10":5,"11":5,"12":5,"13":5,"14":5,"15":5,"16":5,"17":5,"18":5,"19":5,"20":5,"21":5,"22":5,"23":5,"24":5,"25":1},"b":{},"f":{"1":5},"fnMap":{"1":{"name":"(anonymous_1)","line":12,"loc":{"start":{"line":12,"column":26},"end":{"line":12,"column":41}}}},"statementMap":{"1":{"start":{"line":3,"column":0},"end":{"line":3,"column":44}},"2":{"start":{"line":4,"column":0},"end":{"line":4,"column":48}},"3":{"start":{"line":6,"column":0},"end":{"line":6,"column":30}},"4":{"start":{"line":7,"column":0},"end":{"line":7,"column":30}},"5":{"start":{"line":8,"column":0},"end":{"line":8,"column":34}},"6":{"start":{"line":10,"column":0},"end":{"line":10,"column":34}},"7":{"start":{"line":12,"column":0},"end":{"line":39,"column":1}},"8":{"start":{"line":14,"column":2},"end":{"line":14,"column":29}},"9":{"start":{"line":15,"column":2},"end":{"line":15,"column":33}},"10":{"start":{"line":18,"column":2},"end":{"line":18,"column":15}},"11":{"start":{"line":21,"column":2},"end":{"line":21,"column":25}},"12":{"start":{"line":24,"column":2},"end":{"line":24,"column":18}},"13":{"start":{"line":25,"column":2},"end":{"line":25,"column":25}},"14":{"start":{"line":26,"column":2},"end":{"line":26,"column":37}},"15":{"start":{"line":27,"column":2},"end":{"line":27,"column":17}},"16":{"start":{"line":28,"column":2},"end":{"line":28,"column":29}},"17":{"start":{"line":29,"column":2},"end":{"line":29,"column":27}},"18":{"start":{"line":30,"column":2},"end":{"line":30,"column":25}},"19":{"start":{"line":31,"column":2},"end":{"line":31,"column":23}},"20":{"start":{"line":34,"column":2},"end":{"line":34,"column":19}},"21":{"start":{"line":35,"column":2},"end":{"line":35,"column":39}},"22":{"start":{"line":36,"column":2},"end":{"line":36,"column":27}},"23":{"start":{"line":37,"column":2},"end":{"line":37,"column":31}},"24":{"start":{"line":38,"column":2},"end":{"line":38,"column":39}},"25":{"start":{"line":41,"column":0},"end":{"line":41,"column":32}}},"branchMap":{},"code":["'use strict'","","var Connection = require('./lib/Connection')","var StreamParser = require('@xmpp/streamparser')","","var JID = require('@xmpp/jid')","var xml = require('@xmpp/xml')","var inherits = require('inherits')","","exports.SRV = require('./lib/SRV')","","exports.exportCoreUtils = function (obj) {","  // core","  obj.Connection = Connection","  obj.StreamParser = StreamParser","","  // jid","  obj.JID = JID","","  // inherits","  obj.inherits = inherits","","  // xml","  obj.stanza = xml","  obj.Stanza = xml.Stanza","  obj.createStanza = xml.createStanza","  obj.IQ = xml.IQ","  obj.Presence = xml.Presence","  obj.Message = xml.Message","  obj.Parser = xml.Parser","  obj.parse = xml.parse","","  // ltx","  obj.ltx = xml.ltx","  obj.createElement = xml.createElement","  obj.Element = xml.Element","  obj.escapeXML = xml.escapeXML","  obj.escapeXMLText = xml.escapeXMLText","}","","exports.exportCoreUtils(exports)",""],"l":{"3":1,"4":1,"6":1,"7":1,"8":1,"10":1,"12":1,"14":5,"15":5,"18":5,"21":5,"24":5,"25":5,"26":5,"27":5,"28":5,"29":5,"30":5,"31":5,"34":5,"35":5,"36":5,"37":5,"38":5,"41":1}},"/home/travis/build/npmtest/node-npmtest-node-xmpp/node_modules/node-xmpp-core/lib/Connection.js":{"path":"/home/travis/build/npmtest/node-npmtest-node-xmpp/node_modules/node-xmpp-core/lib/Connection.js","s":{"1":1,"2":1,"3":1,"4":1,"5":1,"6":1,"7":1,"8":1,"9":1,"10":1,"11":1,"12":1,"13":1,"14":1,"15":1,"16":1,"17":1,"18":0,"19":0,"20":0,"21":0,"22":0,"23":0,"24":0,"25":1,"26":0,"27":0,"28":0,"29":0,"30":0,"31":0,"32":0,"33":0,"34":0,"35":0,"36":0,"37":0,"38":0,"39":0,"40":0,"41":0,"42":0,"43":1,"44":1,"45":1,"46":1,"47":1,"48":1,"49":0,"50":0,"51":0,"52":0,"53":0,"54":0,"55":0,"56":0,"57":0,"58":0,"59":0,"60":0,"61":0,"62":0,"63":0,"64":0,"65":0,"66":0,"67":0,"68":0,"69":0,"70":0,"71":0,"72":0,"73":0,"74":0,"75":0,"76":0,"77":0,"78":0,"79":0,"80":0,"81":0,"82":1,"83":0,"84":0,"85":0,"86":0,"87":0,"88":0,"89":0,"90":0,"91":0,"92":0,"93":0,"94":0,"95":0,"96":0,"97":1,"98":0,"99":0,"100":1,"101":0,"102":0,"103":1,"104":0,"105":0,"106":0,"107":0,"108":0,"109":0,"110":0,"111":0,"112":0,"113":0,"114":0,"115":0,"116":0,"117":1,"118":0,"119":0,"120":0,"121":0,"122":0,"123":0,"124":0,"125":0,"126":0,"127":0,"128":0,"129":0,"130":0,"131":0,"132":0,"133":0,"134":0,"135":1,"136":0,"137":0,"138":0,"139":0,"140":1,"141":0,"142":0,"143":0,"144":0,"145":0,"146":0,"147":0,"148":0,"149":0,"150":0,"151":0,"152":0,"153":0,"154":0,"155":0,"156":0,"157":0,"158":0,"159":0,"160":0,"161":1,"162":1,"163":0,"164":0,"165":1,"166":1,"167":0,"168":0,"169":0,"170":1,"171":0,"172":0,"173":0,"174":0,"175":0,"176":0,"177":0,"178":0,"179":0,"180":0,"181":0,"182":0,"183":0,"184":0,"185":0,"186":0,"187":0,"188":0,"189":1,"190":0,"191":0,"192":1,"193":0,"194":0,"195":0,"196":0,"197":0,"198":0,"199":0,"200":0,"201":0,"202":1,"203":0,"204":0,"205":0,"206":0,"207":1,"208":0,"209":0,"210":0,"211":0,"212":0,"213":1,"214":0,"215":0,"216":0,"217":1,"218":0,"219":0,"220":1,"221":0,"222":0,"223":0,"224":0,"225":0,"226":0,"227":0,"228":0,"229":0,"230":0,"231":0,"232":1},"b":{"1":[0,0,0,0],"2":[0,0,0],"3":[0,0,0],"4":[0,0],"5":[0,0,0],"6":[0,0,0],"7":[0,0,0],"8":[0,0,0],"9":[0,0],"10":[0,0],"11":[0,0],"12":[0,0],"13":[0,0],"14":[0,0],"15":[0,0],"16":[0,0],"17":[0,0],"18":[0,0],"19":[0,0],"20":[0,0],"21":[0,0],"22":[0,0],"23":[0,0],"24":[0,0],"25":[0,0],"26":[0,0],"27":[0,0],"28":[0,0],"29":[0,0],"30":[0,0],"31":[0,0],"32":[0,0],"33":[0,0],"34":[0,0],"35":[0,0],"36":[0,0],"37":[0,0],"38":[0,0],"39":[0,0],"40":[0,0],"41":[0,0],"42":[0,0],"43":[0,0],"44":[0,0],"45":[0,0],"46":[0,0],"47":[0,0],"48":[0,0,0,0],"49":[0,0],"50":[0,0],"51":[0,0],"52":[0,0],"53":[0,0],"54":[0,0],"55":[0,0],"56":[0,0],"57":[0,0],"58":[0,0],"59":[0,0],"60":[0,0],"61":[0,0]},"f":{"1":0,"2":0,"3":0,"4":0,"5":0,"6":0,"7":0,"8":0,"9":0,"10":0,"11":0,"12":0,"13":0,"14":0,"15":0,"16":0,"17":0,"18":0,"19":0,"20":0,"21":0,"22":0,"23":0,"24":0,"25":0,"26":0,"27":0,"28":0,"29":0,"30":0,"31":0,"32":0,"33":0,"34":0,"35":0,"36":0,"37":0,"38":0,"39":0},"fnMap":{"1":{"name":"defaultInjection","line":23,"loc":{"start":{"line":23,"column":0},"end":{"line":23,"column":42}}},"2":{"name":"Connection","line":43,"loc":{"start":{"line":43,"column":0},"end":{"line":43,"column":27}}},"3":{"name":"(anonymous_3)","line":65,"loc":{"start":{"line":65,"column":25},"end":{"line":65,"column":37}}},"4":{"name":"(anonymous_4)","line":78,"loc":{"start":{"line":78,"column":36},"end":{"line":78,"column":55}}},"5":{"name":"(anonymous_5)","line":81,"loc":{"start":{"line":81,"column":25},"end":{"line":81,"column":41}}},"6":{"name":"(anonymous_6)","line":111,"loc":{"start":{"line":111,"column":29},"end":{"line":111,"column":41}}},"7":{"name":"(anonymous_7)","line":127,"loc":{"start":{"line":127,"column":31},"end":{"line":127,"column":43}}},"8":{"name":"(anonymous_8)","line":132,"loc":{"start":{"line":132,"column":24},"end":{"line":132,"column":36}}},"9":{"name":"(anonymous_9)","line":135,"loc":{"start":{"line":135,"column":17},"end":{"line":135,"column":29}}},"10":{"name":"(anonymous_10)","line":143,"loc":{"start":{"line":143,"column":35},"end":{"line":143,"column":47}}},"11":{"name":"(anonymous_11)","line":152,"loc":{"start":{"line":152,"column":26},"end":{"line":152,"column":38}}},"12":{"name":"(anonymous_12)","line":162,"loc":{"start":{"line":162,"column":36},"end":{"line":162,"column":54}}},"13":{"name":"(anonymous_13)","line":164,"loc":{"start":{"line":164,"column":17},"end":{"line":164,"column":30}}},"14":{"name":"(anonymous_14)","line":169,"loc":{"start":{"line":169,"column":36},"end":{"line":169,"column":54}}},"15":{"name":"(anonymous_15)","line":176,"loc":{"start":{"line":176,"column":29},"end":{"line":176,"column":41}}},"16":{"name":"(anonymous_16)","line":180,"loc":{"start":{"line":180,"column":30},"end":{"line":180,"column":42}}},"17":{"name":"(anonymous_17)","line":189,"loc":{"start":{"line":189,"column":28},"end":{"line":189,"column":46}}},"18":{"name":"(anonymous_18)","line":203,"loc":{"start":{"line":203,"column":36},"end":{"line":203,"column":49}}},"19":{"name":"(anonymous_19)","line":212,"loc":{"start":{"line":212,"column":35},"end":{"line":212,"column":47}}},"20":{"name":"(anonymous_20)","line":216,"loc":{"start":{"line":216,"column":32},"end":{"line":216,"column":49}}},"21":{"name":"(anonymous_21)","line":230,"loc":{"start":{"line":230,"column":27},"end":{"line":230,"column":45}}},"22":{"name":"(anonymous_22)","line":233,"loc":{"start":{"line":233,"column":26},"end":{"line":233,"column":39}}},"23":{"name":"(anonymous_23)","line":236,"loc":{"start":{"line":236,"column":26},"end":{"line":236,"column":38}}},"24":{"name":"(anonymous_24)","line":246,"loc":{"start":{"line":246,"column":34},"end":{"line":246,"column":46}}},"25":{"name":"(anonymous_25)","line":259,"loc":{"start":{"line":259,"column":34},"end":{"line":259,"column":46}}},"26":{"name":"(anonymous_26)","line":300,"loc":{"start":{"line":300,"column":35},"end":{"line":300,"column":47}}},"27":{"name":"(anonymous_27)","line":307,"loc":{"start":{"line":307,"column":30},"end":{"line":307,"column":46}}},"28":{"name":"(anonymous_28)","line":314,"loc":{"start":{"line":314,"column":33},"end":{"line":314,"column":78}}},"29":{"name":"(anonymous_29)","line":334,"loc":{"start":{"line":334,"column":5},"end":{"line":334,"column":17}}},"30":{"name":"(anonymous_30)","line":336,"loc":{"start":{"line":336,"column":28},"end":{"line":336,"column":40}}},"31":{"name":"(anonymous_31)","line":344,"loc":{"start":{"line":344,"column":27},"end":{"line":344,"column":39}}},"32":{"name":"getAllText","line":351,"loc":{"start":{"line":351,"column":0},"end":{"line":351,"column":25}}},"33":{"name":"(anonymous_33)","line":352,"loc":{"start":{"line":352,"column":48},"end":{"line":352,"column":71}}},"34":{"name":"(anonymous_34)","line":361,"loc":{"start":{"line":361,"column":32},"end":{"line":361,"column":50}}},"35":{"name":"(anonymous_35)","line":387,"loc":{"start":{"line":387,"column":35},"end":{"line":387,"column":53}}},"36":{"name":"(anonymous_36)","line":402,"loc":{"start":{"line":402,"column":31},"end":{"line":402,"column":49}}},"37":{"name":"(anonymous_37)","line":415,"loc":{"start":{"line":415,"column":29},"end":{"line":415,"column":41}}},"38":{"name":"(anonymous_38)","line":422,"loc":{"start":{"line":422,"column":31},"end":{"line":422,"column":43}}},"39":{"name":"(anonymous_39)","line":435,"loc":{"start":{"line":435,"column":29},"end":{"line":435,"column":59}}}},"statementMap":{"1":{"start":{"line":3,"column":0},"end":{"line":3,"column":24}},"2":{"start":{"line":4,"column":0},"end":{"line":4,"column":49}},"3":{"start":{"line":5,"column":0},"end":{"line":5,"column":34}},"4":{"start":{"line":6,"column":0},"end":{"line":6,"column":42}},"5":{"start":{"line":7,"column":0},"end":{"line":7,"column":41}},"6":{"start":{"line":8,"column":0},"end":{"line":8,"column":48}},"7":{"start":{"line":9,"column":0},"end":{"line":9,"column":47}},"8":{"start":{"line":10,"column":0},"end":{"line":10,"column":47}},"9":{"start":{"line":11,"column":0},"end":{"line":11,"column":37}},"10":{"start":{"line":13,"column":0},"end":{"line":13,"column":51}},"11":{"start":{"line":14,"column":0},"end":{"line":14,"column":50}},"12":{"start":{"line":15,"column":0},"end":{"line":15,"column":59}},"13":{"start":{"line":17,"column":0},"end":{"line":17,"column":33}},"14":{"start":{"line":18,"column":0},"end":{"line":18,"column":30}},"15":{"start":{"line":20,"column":0},"end":{"line":20,"column":33}},"16":{"start":{"line":21,"column":0},"end":{"line":21,"column":37}},"17":{"start":{"line":23,"column":0},"end":{"line":37,"column":1}},"18":{"start":{"line":25,"column":2},"end":{"line":25,"column":32}},"19":{"start":{"line":28,"column":2},"end":{"line":29,"column":52}},"20":{"start":{"line":30,"column":2},"end":{"line":30,"column":76}},"21":{"start":{"line":31,"column":2},"end":{"line":31,"column":80}},"22":{"start":{"line":32,"column":2},"end":{"line":32,"column":39}},"23":{"start":{"line":33,"column":2},"end":{"line":33,"column":27}},"24":{"start":{"line":36,"column":2},"end":{"line":36,"column":16}},"25":{"start":{"line":43,"column":0},"end":{"line":68,"column":1}},"26":{"start":{"line":44,"column":2},"end":{"line":44,"column":25}},"27":{"start":{"line":46,"column":2},"end":{"line":46,"column":53}},"28":{"start":{"line":47,"column":2},"end":{"line":47,"column":41}},"29":{"start":{"line":48,"column":2},"end":{"line":48,"column":31}},"30":{"start":{"line":50,"column":2},"end":{"line":50,"column":60}},"31":{"start":{"line":51,"column":2},"end":{"line":51,"column":63}},"32":{"start":{"line":53,"column":2},"end":{"line":53,"column":63}},"33":{"start":{"line":54,"column":2},"end":{"line":54,"column":47}},"34":{"start":{"line":55,"column":2},"end":{"line":55,"column":49}},"35":{"start":{"line":57,"column":2},"end":{"line":57,"column":45}},"36":{"start":{"line":59,"column":2},"end":{"line":59,"column":43}},"37":{"start":{"line":60,"column":2},"end":{"line":60,"column":45}},"38":{"start":{"line":61,"column":2},"end":{"line":61,"column":51}},"39":{"start":{"line":62,"column":2},"end":{"line":62,"column":53}},"40":{"start":{"line":64,"column":2},"end":{"line":64,"column":49}},"41":{"start":{"line":65,"column":2},"end":{"line":67,"column":4}},"42":{"start":{"line":66,"column":4},"end":{"line":66,"column":43}},"43":{"start":{"line":70,"column":0},"end":{"line":70,"column":34}},"44":{"start":{"line":72,"column":0},"end":{"line":72,"column":46}},"45":{"start":{"line":73,"column":0},"end":{"line":73,"column":32}},"46":{"start":{"line":74,"column":0},"end":{"line":74,"column":54}},"47":{"start":{"line":76,"column":0},"end":{"line":76,"column":36}},"48":{"start":{"line":78,"column":0},"end":{"line":138,"column":1}},"49":{"start":{"line":79,"column":2},"end":{"line":79,"column":23}},"50":{"start":{"line":80,"column":2},"end":{"line":80,"column":26}},"51":{"start":{"line":81,"column":2},"end":{"line":121,"column":15}},"52":{"start":{"line":82,"column":4},"end":{"line":82,"column":36}},"53":{"start":{"line":87,"column":4},"end":{"line":96,"column":5}},"54":{"start":{"line":88,"column":6},"end":{"line":88,"column":37}},"55":{"start":{"line":89,"column":6},"end":{"line":89,"column":28}},"56":{"start":{"line":90,"column":11},"end":{"line":96,"column":5}},"57":{"start":{"line":92,"column":6},"end":{"line":92,"column":44}},"58":{"start":{"line":95,"column":6},"end":{"line":95,"column":54}},"59":{"start":{"line":98,"column":4},"end":{"line":115,"column":5}},"60":{"start":{"line":99,"column":6},"end":{"line":99,"column":30}},"61":{"start":{"line":104,"column":6},"end":{"line":104,"column":42}},"62":{"start":{"line":106,"column":6},"end":{"line":106,"column":34}},"63":{"start":{"line":108,"column":6},"end":{"line":108,"column":31}},"64":{"start":{"line":109,"column":6},"end":{"line":109,"column":24}},"65":{"start":{"line":110,"column":6},"end":{"line":114,"column":7}},"66":{"start":{"line":111,"column":8},"end":{"line":113,"column":10}},"67":{"start":{"line":112,"column":10},"end":{"line":112,"column":42}},"68":{"start":{"line":116,"column":4},"end":{"line":116,"column":49}},"69":{"start":{"line":117,"column":4},"end":{"line":119,"column":5}},"70":{"start":{"line":118,"column":6},"end":{"line":118,"column":24}},"71":{"start":{"line":120,"column":4},"end":{"line":120,"column":22}},"72":{"start":{"line":123,"column":2},"end":{"line":123,"column":34}},"73":{"start":{"line":126,"column":2},"end":{"line":126,"column":20}},"74":{"start":{"line":127,"column":2},"end":{"line":130,"column":3}},"75":{"start":{"line":128,"column":4},"end":{"line":128,"column":22}},"76":{"start":{"line":129,"column":4},"end":{"line":129,"column":9}},"77":{"start":{"line":132,"column":2},"end":{"line":134,"column":4}},"78":{"start":{"line":133,"column":4},"end":{"line":133,"column":40}},"79":{"start":{"line":133,"column":22},"end":{"line":133,"column":40}},"80":{"start":{"line":135,"column":2},"end":{"line":137,"column":4}},"81":{"start":{"line":136,"column":4},"end":{"line":136,"column":24}},"82":{"start":{"line":143,"column":0},"end":{"line":174,"column":1}},"83":{"start":{"line":144,"column":2},"end":{"line":144,"column":23}},"84":{"start":{"line":145,"column":2},"end":{"line":145,"column":46}},"85":{"start":{"line":146,"column":2},"end":{"line":146,"column":42}},"86":{"start":{"line":147,"column":2},"end":{"line":147,"column":44}},"87":{"start":{"line":149,"column":2},"end":{"line":149,"column":44}},"88":{"start":{"line":150,"column":2},"end":{"line":150,"column":46}},"89":{"start":{"line":152,"column":2},"end":{"line":152,"column":41}},"90":{"start":{"line":154,"column":2},"end":{"line":173,"column":3}},"91":{"start":{"line":161,"column":4},"end":{"line":172,"column":5}},"92":{"start":{"line":162,"column":6},"end":{"line":167,"column":7}},"93":{"start":{"line":164,"column":8},"end":{"line":166,"column":10}},"94":{"start":{"line":165,"column":10},"end":{"line":165,"column":15}},"95":{"start":{"line":169,"column":6},"end":{"line":171,"column":7}},"96":{"start":{"line":170,"column":8},"end":{"line":170,"column":25}},"97":{"start":{"line":176,"column":0},"end":{"line":178,"column":1}},"98":{"start":{"line":177,"column":2},"end":{"line":177,"column":44}},"99":{"start":{"line":177,"column":25},"end":{"line":177,"column":44}},"100":{"start":{"line":180,"column":0},"end":{"line":182,"column":1}},"101":{"start":{"line":181,"column":2},"end":{"line":181,"column":46}},"102":{"start":{"line":181,"column":26},"end":{"line":181,"column":46}},"103":{"start":{"line":189,"column":0},"end":{"line":210,"column":1}},"104":{"start":{"line":190,"column":2},"end":{"line":190,"column":48}},"105":{"start":{"line":190,"column":42},"end":{"line":190,"column":48}},"106":{"start":{"line":192,"column":2},"end":{"line":195,"column":3}},"107":{"start":{"line":193,"column":4},"end":{"line":193,"column":21}},"108":{"start":{"line":194,"column":4},"end":{"line":194,"column":10}},"109":{"start":{"line":197,"column":2},"end":{"line":197,"column":37}},"110":{"start":{"line":199,"column":2},"end":{"line":199,"column":20}},"111":{"start":{"line":201,"column":2},"end":{"line":208,"column":3}},"112":{"start":{"line":202,"column":4},"end":{"line":202,"column":40}},"113":{"start":{"line":203,"column":4},"end":{"line":205,"column":24}},"114":{"start":{"line":204,"column":6},"end":{"line":204,"column":29}},"115":{"start":{"line":207,"column":4},"end":{"line":207,"column":39}},"116":{"start":{"line":209,"column":2},"end":{"line":209,"column":16}},"117":{"start":{"line":212,"column":0},"end":{"line":244,"column":1}},"118":{"start":{"line":213,"column":2},"end":{"line":213,"column":17}},"119":{"start":{"line":214,"column":2},"end":{"line":214,"column":52}},"120":{"start":{"line":216,"column":2},"end":{"line":229,"column":4}},"121":{"start":{"line":218,"column":4},"end":{"line":218,"column":27}},"122":{"start":{"line":219,"column":4},"end":{"line":223,"column":5}},"123":{"start":{"line":220,"column":6},"end":{"line":222,"column":7}},"124":{"start":{"line":221,"column":8},"end":{"line":221,"column":40}},"125":{"start":{"line":228,"column":4},"end":{"line":228,"column":35}},"126":{"start":{"line":230,"column":2},"end":{"line":232,"column":4}},"127":{"start":{"line":231,"column":4},"end":{"line":231,"column":43}},"128":{"start":{"line":233,"column":2},"end":{"line":235,"column":4}},"129":{"start":{"line":234,"column":4},"end":{"line":234,"column":65}},"130":{"start":{"line":236,"column":2},"end":{"line":243,"column":4}},"131":{"start":{"line":237,"column":4},"end":{"line":237,"column":21}},"132":{"start":{"line":238,"column":4},"end":{"line":242,"column":5}},"133":{"start":{"line":239,"column":6},"end":{"line":239,"column":57}},"134":{"start":{"line":241,"column":6},"end":{"line":241,"column":16}},"135":{"start":{"line":246,"column":0},"end":{"line":254,"column":1}},"136":{"start":{"line":248,"column":2},"end":{"line":253,"column":3}},"137":{"start":{"line":249,"column":4},"end":{"line":249,"column":28}},"138":{"start":{"line":251,"column":4},"end":{"line":251,"column":22}},"139":{"start":{"line":252,"column":4},"end":{"line":252,"column":16}},"140":{"start":{"line":259,"column":0},"end":{"line":293,"column":1}},"141":{"start":{"line":260,"column":2},"end":{"line":260,"column":16}},"142":{"start":{"line":261,"column":2},"end":{"line":269,"column":3}},"143":{"start":{"line":262,"column":4},"end":{"line":268,"column":5}},"144":{"start":{"line":263,"column":6},"end":{"line":267,"column":7}},"145":{"start":{"line":264,"column":8},"end":{"line":264,"column":35}},"146":{"start":{"line":266,"column":8},"end":{"line":266,"column":43}},"147":{"start":{"line":270,"column":2},"end":{"line":274,"column":3}},"148":{"start":{"line":271,"column":4},"end":{"line":273,"column":5}},"149":{"start":{"line":272,"column":6},"end":{"line":272,"column":36}},"150":{"start":{"line":276,"column":2},"end":{"line":278,"column":3}},"151":{"start":{"line":277,"column":4},"end":{"line":277,"column":28}},"152":{"start":{"line":280,"column":2},"end":{"line":280,"column":46}},"153":{"start":{"line":281,"column":2},"end":{"line":281,"column":16}},"154":{"start":{"line":282,"column":2},"end":{"line":289,"column":3}},"155":{"start":{"line":284,"column":4},"end":{"line":284,"column":13}},"156":{"start":{"line":285,"column":4},"end":{"line":285,"column":25}},"157":{"start":{"line":286,"column":4},"end":{"line":286,"column":60}},"158":{"start":{"line":288,"column":4},"end":{"line":288,"column":30}},"159":{"start":{"line":291,"column":2},"end":{"line":291,"column":26}},"160":{"start":{"line":292,"column":2},"end":{"line":292,"column":23}},"161":{"start":{"line":295,"column":0},"end":{"line":295,"column":66}},"162":{"start":{"line":300,"column":0},"end":{"line":303,"column":1}},"163":{"start":{"line":301,"column":2},"end":{"line":301,"column":29}},"164":{"start":{"line":302,"column":2},"end":{"line":302,"column":27}},"165":{"start":{"line":305,"column":0},"end":{"line":305,"column":65}},"166":{"start":{"line":307,"column":0},"end":{"line":312,"column":1}},"167":{"start":{"line":308,"column":2},"end":{"line":308,"column":44}},"168":{"start":{"line":309,"column":2},"end":{"line":311,"column":3}},"169":{"start":{"line":310,"column":4},"end":{"line":310,"column":27}},"170":{"start":{"line":314,"column":0},"end":{"line":349,"column":1}},"171":{"start":{"line":316,"column":2},"end":{"line":316,"column":54}},"172":{"start":{"line":317,"column":2},"end":{"line":317,"column":56}},"173":{"start":{"line":320,"column":2},"end":{"line":320,"column":58}},"174":{"start":{"line":321,"column":2},"end":{"line":321,"column":56}},"175":{"start":{"line":323,"column":2},"end":{"line":325,"column":3}},"176":{"start":{"line":324,"column":4},"end":{"line":324,"column":28}},"177":{"start":{"line":327,"column":2},"end":{"line":340,"column":15}},"178":{"start":{"line":335,"column":4},"end":{"line":335,"column":24}},"179":{"start":{"line":336,"column":4},"end":{"line":338,"column":6}},"180":{"start":{"line":337,"column":6},"end":{"line":337,"column":27}},"181":{"start":{"line":339,"column":4},"end":{"line":339,"column":40}},"182":{"start":{"line":341,"column":2},"end":{"line":341,"column":60}},"183":{"start":{"line":342,"column":2},"end":{"line":345,"column":3}},"184":{"start":{"line":343,"column":4},"end":{"line":343,"column":25}},"185":{"start":{"line":344,"column":4},"end":{"line":344,"column":66}},"186":{"start":{"line":344,"column":41},"end":{"line":344,"column":64}},"187":{"start":{"line":346,"column":2},"end":{"line":346,"column":19}},"188":{"start":{"line":348,"column":2},"end":{"line":348,"column":52}},"189":{"start":{"line":351,"column":0},"end":{"line":355,"column":1}},"190":{"start":{"line":352,"column":2},"end":{"line":354,"column":8}},"191":{"start":{"line":353,"column":4},"end":{"line":353,"column":35}},"192":{"start":{"line":361,"column":0},"end":{"line":379,"column":1}},"193":{"start":{"line":362,"column":2},"end":{"line":378,"column":3}},"194":{"start":{"line":363,"column":4},"end":{"line":363,"column":50}},"195":{"start":{"line":364,"column":4},"end":{"line":364,"column":25}},"196":{"start":{"line":365,"column":4},"end":{"line":365,"column":36}},"197":{"start":{"line":366,"column":9},"end":{"line":378,"column":3}},"198":{"start":{"line":371,"column":4},"end":{"line":371,"column":67}},"199":{"start":{"line":372,"column":9},"end":{"line":378,"column":3}},"200":{"start":{"line":375,"column":4},"end":{"line":375,"column":20}},"201":{"start":{"line":377,"column":4},"end":{"line":377,"column":31}},"202":{"start":{"line":387,"column":0},"end":{"line":396,"column":1}},"203":{"start":{"line":388,"column":2},"end":{"line":394,"column":3}},"204":{"start":{"line":389,"column":4},"end":{"line":393,"column":5}},"205":{"start":{"line":392,"column":6},"end":{"line":392,"column":51}},"206":{"start":{"line":395,"column":2},"end":{"line":395,"column":15}},"207":{"start":{"line":402,"column":0},"end":{"line":410,"column":1}},"208":{"start":{"line":403,"column":2},"end":{"line":408,"column":3}},"209":{"start":{"line":404,"column":4},"end":{"line":404,"column":51}},"210":{"start":{"line":405,"column":4},"end":{"line":407,"column":5}},"211":{"start":{"line":406,"column":6},"end":{"line":406,"column":31}},"212":{"start":{"line":409,"column":2},"end":{"line":409,"column":15}},"213":{"start":{"line":415,"column":0},"end":{"line":420,"column":1}},"214":{"start":{"line":416,"column":2},"end":{"line":416,"column":20}},"215":{"start":{"line":417,"column":2},"end":{"line":419,"column":3}},"216":{"start":{"line":418,"column":4},"end":{"line":418,"column":20}},"217":{"start":{"line":422,"column":0},"end":{"line":426,"column":1}},"218":{"start":{"line":423,"column":2},"end":{"line":425,"column":3}},"219":{"start":{"line":424,"column":4},"end":{"line":424,"column":22}},"220":{"start":{"line":435,"column":0},"end":{"line":454,"column":1}},"221":{"start":{"line":436,"column":2},"end":{"line":436,"column":40}},"222":{"start":{"line":438,"column":2},"end":{"line":438,"column":51}},"223":{"start":{"line":438,"column":45},"end":{"line":438,"column":51}},"224":{"start":{"line":441,"column":2},"end":{"line":441,"column":43}},"225":{"start":{"line":441,"column":26},"end":{"line":441,"column":43}},"226":{"start":{"line":443,"column":2},"end":{"line":443,"column":41}},"227":{"start":{"line":444,"column":2},"end":{"line":444,"column":48}},"228":{"start":{"line":445,"column":2},"end":{"line":450,"column":3}},"229":{"start":{"line":446,"column":4},"end":{"line":449,"column":17}},"230":{"start":{"line":452,"column":2},"end":{"line":452,"column":18}},"231":{"start":{"line":453,"column":2},"end":{"line":453,"column":12}},"232":{"start":{"line":456,"column":0},"end":{"line":456,"column":27}}},"branchMap":{"1":{"line":28,"type":"binary-expr","locations":[{"start":{"line":28,"column":26},"end":{"line":28,"column":30}},{"start":{"line":28,"column":35},"end":{"line":28,"column":61}},{"start":{"line":29,"column":4},"end":{"line":29,"column":23}},{"start":{"line":29,"column":29},"end":{"line":29,"column":52}}]},"2":{"line":30,"type":"binary-expr","locations":[{"start":{"line":30,"column":22},"end":{"line":30,"column":26}},{"start":{"line":30,"column":30},"end":{"line":30,"column":52}},{"start":{"line":30,"column":57},"end":{"line":30,"column":76}}]},"3":{"line":31,"type":"binary-expr","locations":[{"start":{"line":31,"column":22},"end":{"line":31,"column":26}},{"start":{"line":31,"column":30},"end":{"line":31,"column":41}},{"start":{"line":31,"column":46},"end":{"line":31,"column":79}}]},"4":{"line":32,"type":"binary-expr","locations":[{"start":{"line":32,"column":17},"end":{"line":32,"column":21}},{"start":{"line":32,"column":25},"end":{"line":32,"column":39}}]},"5":{"line":46,"type":"binary-expr","locations":[{"start":{"line":46,"column":22},"end":{"line":46,"column":26}},{"start":{"line":46,"column":30},"end":{"line":46,"column":46}},{"start":{"line":46,"column":51},"end":{"line":46,"column":53}}]},"6":{"line":47,"type":"binary-expr","locations":[{"start":{"line":47,"column":16},"end":{"line":47,"column":20}},{"start":{"line":47,"column":24},"end":{"line":47,"column":34}},{"start":{"line":47,"column":39},"end":{"line":47,"column":41}}]},"7":{"line":50,"type":"binary-expr","locations":[{"start":{"line":50,"column":21},"end":{"line":50,"column":25}},{"start":{"line":50,"column":29},"end":{"line":50,"column":44}},{"start":{"line":50,"column":49},"end":{"line":50,"column":60}}]},"8":{"line":51,"type":"binary-expr","locations":[{"start":{"line":51,"column":22},"end":{"line":51,"column":26}},{"start":{"line":51,"column":30},"end":{"line":51,"column":46}},{"start":{"
[...]
PP_SASL = 'urn:ietf:params:xml:ns:xmpp-sasl'","","/**"," * @see http://tools.ietf.org/html/rfc2831"," * @see http://wiki.xmpp.org/web/SASLandDIGEST-MD5"," */","function DigestMD5 (domain) {","  this.nonce = generateNonce()","  this.nonceCount = 0","  this.authcid = null","  this.actAs = null","  this.realm = null","  this.algorithm = 'md5-sess'","  this.charset = 'utf-8'","  this.qop = 'auth'","  this.domain = domain","}","","util.inherits(DigestMD5, Mechanism)","","DigestMD5.prototype.name = 'DIGEST-MD5'","DigestMD5.id = 'DIGEST-MD5'","","DigestMD5.prototype.manage = true","","DigestMD5.prototype.auth = function () {","  return ''","}","","DigestMD5.prototype.getNC = function () {","  return rjust(this.nonceCount.toString(), 8, '0')","}","","DigestMD5.prototype.responseValue = function (s, password) {","  var dict = parseDict(s)","  if (dict.realm) {","    this.realm = dict.realm","  }","","  var value","  if (dict.nonce && dict.qop) {","    this.nonceCount++","    var a1 = md5(this.authcid + ':' +","        this.realm + ':' +","        password) + ':' +","      dict.nonce + ':' +","      this.cnonce","","    if (this.actAs) a1 += ':' + this.actAs","","    var a2 = 'AUTHENTICATE:' + this.digestUri","    if ((dict.qop === 'auth-int') || (dict.qop === 'auth-conf')) {","      a2 += ':00000000000000000000000000000000'","    }","","    value = md5Hex(md5Hex(a1) + ':' +","      dict.nonce + ':' +","      ((this.nc) ? this.nc : this.getNC()) + ':' +","      this.cnonce + ':' +","      dict.qop + ':' +","      md5Hex(a2))","  }","  return value","}","","DigestMD5.prototype.serverChallenge = function () {","  var dict = {}","  dict.realm = this.domain","  this.nonce = dict.nonce = generateNonce()","  dict.qop = 'auth'","  this.charset = dict.charset = 'utf-8'","  dict.algorithm = 'md5-sess'","  return new Buffer(encodeDict(dict)).toString('base64')","}","","// Used on the server to check for auth!","DigestMD5.prototype.checkResponse = function (s) {","  var dict = parseDict(s)","  this.authcid = this.username = dict.username","","  this.digestUri = dict['digest-uri']","  if (dict.nonce !== this.nonce) return false","  if (!dict.cnonce) return false","","  // dict['serv-type'] should be xmpp","","  if (dict.nc) {","    this.nc = dict.nc","  }","  this.cnonce = dict.cnonce","  if (this.charset !== dict.charset) return false","","  this.response = dict.response","  return true","}","","DigestMD5.prototype.manageAuth = function (stanza, server) {","  if (stanza.is('auth', NS_XMPP_SASL)) {","    // send initial challenge to client","    var challenge = new Element('challenge', {","      xmlns: NS_XMPP_SASL","    }).t(this.serverChallenge())","    server.send(challenge)","  } else if (stanza.is('response', NS_XMPP_SASL) && stanza.getText() !== '') {","    // response from client with challenge","    var responseValid = this.checkResponse(new Buffer(stanza.getText(), 'base64'))","    var self = this","    if (responseValid) {","      var user = {","        'username': self.authcid","      }","      this.authenticate(user, function (err, user) {","        // send final challenge and wait for response from user","        if (self.response === self.responseValue(new Buffer(stanza.getText(), 'base64'), user.password)) {","          var challenge = new Element('challenge', {","            xmlns: NS_XMPP_SASL","          })","            .t(new Buffer('rspauth=ea40f60335c427b5527b84dbabcdfffd').toString('base64'))","          server.send(challenge)","          delete user.password","          self.user = user","        } else {","          // no authenticated <response xmlns='urn:ietf:params:xml:ns:xmpp-sasl'/>","          self.failure(err)","        }","      })","    } else {","      // error if we are not able to authenticate the user","      self.failure(new Error('Invalid response'))","    }","  } else if (stanza.is('response', NS_XMPP_SASL) && this.user) {","    // here we are successfully authenticated and are able to call the callback","    this.success(this.user)","  } else if (stanza.is('response', NS_XMPP_SASL)) {","    // client wants to skip mechanism steps","    this.failure(new Error('Invalid response'))","  }","}","","DigestMD5.prototype.loginFailed = function (server) {","  var jid = false","  if (this.username) {","    jid = new JID(this.username, server.serverdomain ? server.serverdomain.toString() : '')","  }","","  server.emit('auth-failure', jid)","  server.send(new Element('response', {","    xmlns: NS_XMPP_SASL","  }))","}","","module.exports = DigestMD5",""],"l":{"3":1,"4":1,"5":1,"6":1,"7":1,"12":1,"13":0,"14":0,"15":0,"17":1,"18":0,"24":1,"25":0,"26":0,"27":0,"28":0,"29":0,"30":0,"31":0,"32":0,"33":0,"34":0,"35":0,"36":0,"37":0,"38":0,"39":0,"41":0,"44":0,"50":1,"51":0,"52":0,"53":0,"54":0,"56":0,"63":1,"64":0,"65":0,"67":0,"74":1,"75":0,"76":0,"77":0,"80":0,"83":1,"89":1,"90":0,"91":0,"92":0,"93":0,"94":0,"95":0,"96":0,"97":0,"98":0,"101":1,"103":1,"104":1,"106":1,"108":1,"109":0,"112":1,"113":0,"116":1,"117":0,"118":0,"119":0,"122":0,"123":0,"124":0,"125":0,"131":0,"133":0,"134":0,"135":0,"138":0,"145":0,"148":1,"149":0,"150":0,"151":0,"152":0,"153":0,"154":0,"155":0,"159":1,"160":0,"161":0,"163":0,"164":0,"165":0,"169":0,"170":0,"172":0,"173":0,"175":0,"176":0,"179":1,"180":0,"182":0,"185":0,"186":0,"188":0,"189":0,"190":0,"191":0,"194":0,"196":0,"197":0,"201":0,"202":0,"203":0,"206":0,"211":0,"213":0,"215":0,"216":0,"218":0,"222":1,"223":0,"224":0,"225":0,"228":0,"229":0,"234":1}},"/home/travis/build/npmtest/node-npmtest-node-xmpp/node_modules/node-xmpp-server/lib/C2S/authentication/XOAuth2.js":{"path":"/home/travis/build/npmtest/node-npmtest-node-xmpp/node_modules/node-xmpp-server/lib/C2S/authentication/XOAuth2.js","s":{"1":1,"2":1,"3":1,"4":1,"5":1,"6":1,"7":1,"8":0,"9":0,"10":0,"11":1},"b":{},"f":{"1":0,"2":0},"fnMap":{"1":{"name":"XOAuth2","line":9,"loc":{"start":{"line":9,"column":0},"end":{"line":9,"column":20}}},"2":{"name":"(anonymous_2)","line":16,"loc":{"start":{"line":16,"column":32},"end":{"line":16,"column":48}}}},"statementMap":{"1":{"start":{"line":3,"column":0},"end":{"line":3,"column":26}},"2":{"start":{"line":4,"column":0},"end":{"line":4,"column":38}},"3":{"start":{"line":9,"column":0},"end":{"line":9,"column":22}},"4":{"start":{"line":11,"column":0},"end":{"line":11,"column":33}},"5":{"start":{"line":13,"column":0},"end":{"line":13,"column":35}},"6":{"start":{"line":14,"column":0},"end":{"line":14,"column":23}},"7":{"start":{"line":16,"column":0},"end":{"line":23,"column":1}},"8":{"start":{"line":17,"column":2},"end":{"line":17,"column":33}},"9":{"start":{"line":18,"column":2},"end":{"line":21,"column":3}},"10":{"start":{"line":22,"column":2},"end":{"line":22,"column":20}},"11":{"start":{"line":25,"column":0},"end":{"line":25,"column":24}}},"branchMap":{},"code":["'use strict'","","var util = require('util')","var Mechanism = require('./Mechanism')","","/**"," * @see https://developers.google.com/talk/jep_extensions/oauth"," */","function XOAuth2 () {}","","util.inherits(XOAuth2, Mechanism)","","XOAuth2.prototype.name = 'X-OAUTH2'","XOAuth2.id = 'X-OAUTH2'","","XOAuth2.prototype.extractSasl = function (auth) {","  var params = auth.split('\\x00')","  var authRequest = {","    'jid': params[1],","    'oauth_token': params[2]","  }","  return authRequest","}","","module.exports = XOAuth2",""],"l":{"3":1,"4":1,"9":1,"11":1,"13":1,"14":1,"16":1,"17":0,"18":0,"22":0,"25":1}},"/home/travis/build/npmtest/node-npmtest-node-xmpp/node_modules/node-xmpp-server/lib/C2S/authentication/Anonymous.js":{"path":"/home/travis/build/npmtest/node-npmtest-node-xmpp/node_modules/node-xmpp-server/lib/C2S/authentication/Anonymous.js","s":{"1":1,"2":1,"3":1,"4":1,"5":1,"6":1,"7":1,"8":1,"9":0,"10":0,"11":1},"b":{},"f":{"1":0,"2":0},"fnMap":{"1":{"name":"Anonymous","line":7,"loc":{"start":{"line":7,"column":0},"end":{"line":7,"column":22}}},"2":{"name":"(anonymous_2)","line":14,"loc":{"start":{"line":14,"column":34},"end":{"line":14,"column":46}}}},"statementMap":{"1":{"start":{"line":3,"column":0},"end":{"line":3,"column":30}},"2":{"start":{"line":4,"column":0},"end":{"line":4,"column":26}},"3":{"start":{"line":5,"column":0},"end":{"line":5,"column":38}},"4":{"start":{"line":7,"column":0},"end":{"line":7,"column":24}},"5":{"start":{"line":9,"column":0},"end":{"line":9,"column":35}},"6":{"start":{"line":11,"column":0},"end":{"line":11,"column":38}},"7":{"start":{"line":12,"column":0},"end":{"line":12,"column":26}},"8":{"start":{"line":14,"column":0},"end":{"line":17,"column":1}},"9":{"start":{"line":15,"column":2},"end":{"line":15,"column":51}},"10":{"start":{"line":16,"column":2},"end":{"line":16,"column":27}},"11":{"start":{"line":19,"column":0},"end":{"line":19,"column":26}}},"branchMap":{},"code":["'use strict'","","var crypto = require('crypto')","var util = require('util')","var Mechanism = require('./Mechanism')","","function Anonymous () {}","","util.inherits(Anonymous, Mechanism)","","Anonymous.prototype.name = 'ANONYMOUS'","Anonymous.id = 'ANONYMOUS'","","Anonymous.prototype.extractSasl = function () {","  var user = crypto.randomBytes(16).toString('hex')","  return { username: user }","}","","module.exports = Anonymous",""],"l":{"3":1,"4":1,"5":1,"7":1,"9":1,"11":1,"12":1,"14":1,"15":0,"16":0,"19":1}},"/home/travis/build/npmtest/node-npmtest-node-xmpp/node_modules/node-xmpp-component/index.js":{"path":"/home/travis/build/npmtest/node-npmtest-node-xmpp/node_modules/node-xmpp-component/index.js","s":{"1":1,"2":1,"3":1,"4":1,"5":1},"b":{},"f":{},"fnMap":{},"statementMap":{"1":{"start":{"line":3,"column":0},"end":{"line":3,"column":42}},"2":{"start":{"line":4,"column":0},"end":{"line":4,"column":36}},"3":{"start":{"line":6,"column":0},"end":{"line":6,"column":26}},"4":{"start":{"line":7,"column":0},"end":{"line":7,"column":36}},"5":{"start":{"line":9,"column":0},"end":{"line":9,"column":36}}},"branchMap":{},"code":["'use strict'","","var Component = require('./lib/Component')","var core = require('node-xmpp-core')","","module.exports = Component","module.exports.Component = Component","","core.exportCoreUtils(module.exports)",""],"l":{"3":1,"4":1,"6":1,"7":1,"9":1}},"/home/travis/build/npmtest/node-npmtest-node-xmpp/node_modules/node-xmpp-component/lib/Component.js":{"path":"/home/travis/build/npmtest/node-npmtest-node-xmpp/node_modules/node-xmpp-component/lib/Component.js","s":{"1":1,"2":1,"3":1,"4":1,"5":1,"6":1,"7":1,"8":1,"9":0,"10":0,"11":0,"12":0,"13":0,"14":0,"15":0,"16":0,"17":0,"18":0,"19":0,"20":1,"21":1,"22":1,"23":1,"24":0,"25":0,"26":1,"27":0,"28":0,"29":0,"30":0,"31":1,"32":0,"33":0,"34":0,"35":1,"36":0,"37":1,"38":0,"39":0,"40":0,"41":0,"42":0,"43":0,"44":0,"45":0,"46":0,"47":0,"48":0,"49":0,"50":0,"51":0,"52":0,"53":1,"54":0,"55":0,"56":0,"57":1},"b":{"1":[0,0],"2":[0,0],"3":[0,0],"4":[0,0],"5":[0,0]},"f":{"1":0,"2":0,"3":0,"4":0,"5":0,"6":0,"7":0,"8":0},"fnMap":{"1":{"name":"Component","line":19,"loc":{"start":{"line":19,"column":0},"end":{"line":19,"column":26}}},"2":{"name":"(anonymous_2)","line":49,"loc":{"start":{"line":49,"column":36},"end":{"line":49,"column":59}}},"3":{"name":"(anonymous_3)","line":54,"loc":{"start":{"line":54,"column":31},"end":{"line":54,"column":49}}},"4":{"name":"(anonymous_4)","line":62,"loc":{"start":{"line":62,"column":27},"end":{"line":62,"column":45}}},"5":{"name":"(anonymous_5)","line":71,"loc":{"start":{"line":71,"column":26},"end":{"line":71,"column":38}}},"6":{"name":"(anonymous_6)","line":75,"loc":{"start":{"line":75,"column":46},"end":{"line":75,"column":61}}},"7":{"name":"(anonymous_7)","line":89,"loc":{"start":{"line":89,"column":22},"end":{"line":89,"column":34}}},"8":{"name":"(anonymous_8)","line":96,"loc":{"start":{"line":96,"column":31},"end":{"line":96,"column":44}}}},"statementMap":{"1":{"start":{"line":3,"column":0},"end":{"line":3,"column":26}},"2":{"start":{"line":4,"column":0},"end":{"line":4,"column":30}},"3":{"start":{"line":5,"column":0},"end":{"line":5,"column":49}},"4":{"start":{"line":6,"column":0},"end":{"line":6,"column":53}},"5":{"start":{"line":7,"column":0},"end":{"line":7,"column":39}},"6":{"start":{"line":8,"column":0},"end":{"line":8,"column":39}},"7":{"start":{"line":9,"column":0},"end":{"line":9,"column":47}},"8":{"start":{"line":19,"column":0},"end":{"line":42,"column":1}},"9":{"start":{"line":20,"column":2},"end":{"line":20,"column":25}},"10":{"start":{"line":21,"column":2},"end":{"line":21,"column":51}},"11":{"start":{"line":22,"column":2},"end":{"line":22,"column":32}},"12":{"start":{"line":24,"column":2},"end":{"line":28,"column":3}},"13":{"start":{"line":25,"column":4},"end":{"line":25,"column":32}},"14":{"start":{"line":27,"column":4},"end":{"line":27,"column":23}},"15":{"start":{"line":29,"column":2},"end":{"line":29,"column":31}},"16":{"start":{"line":30,"column":2},"end":{"line":30,"column":36}},"17":{"start":{"line":31,"column":2},"end":{"line":31,"column":39}},"18":{"start":{"line":32,"column":2},"end":{"line":32,"column":44}},"19":{"start":{"line":34,"column":2},"end":{"line":41,"column":4}},"20":{"start":{"line":44,"column":0},"end":{"line":44,"column":38}},"21":{"start":{"line":46,"column":0},"end":{"line":46,"column":60}},"22":{"start":{"line":47,"column":0},"end":{"line":47,"column":66}},"23":{"start":{"line":49,"column":0},"end":{"line":52,"column":1}},"24":{"start":{"line":50,"column":2},"end":{"line":50,"column":71}},"25":{"start":{"line":51,"column":2},"end":{"line":51,"column":58}},"26":{"start":{"line":54,"column":0},"end":{"line":60,"column":1}},"27":{"start":{"line":55,"column":2},"end":{"line":58,"column":3}},"28":{"start":{"line":56,"column":4},"end":{"line":56,"column":23}},"29":{"start":{"line":57,"column":4},"end":{"line":57,"column":10}},"30":{"start":{"line":59,"column":2},"end":{"line":59,"column":29}},"31":{"start":{"line":62,"column":0},"end":{"line":69,"column":1}},"32":{"start":{"line":65,"column":2},"end":{"line":67,"column":3}},"33":{"start":{"line":66,"column":4},"end":{"line":66,"column":54}},"34":{"start":{"line":68,"column":2},"end":{"line":68,"column":30}},"35":{"start":{"line":71,"column":0},"end":{"line":73,"column":1}},"36":{"start":{"line":72,"column":2},"end":{"line":72,"column":23}},"37":{"start":{"line":75,"column":0},"end":{"line":94,"column":1}},"38":{"start":{"line":76,"column":2},"end":{"line":76,"column":30}},"39":{"start":{"line":77,"column":2},"end":{"line":77,"column":54}},"40":{"start":{"line":78,"column":2},"end":{"line":78,"column":44}},"41":{"start":{"line":79,"column":2},"end":{"line":79,"column":48}},"42":{"start":{"line":80,"column":2},"end":{"line":80,"column":46}},"43":{"start":{"line":81,"column":2},"end":{"line":81,"column":44}},"44":{"start":{"line":82,"column":2},"end":{"line":82,"column":48}},"45":{"start":{"line":83,"column":2},"end":{"line":83,"column":48}},"46":{"start":{"line":84,"column":2},"end":{"line":84,"column":52}},"47":{"start":{"line":85,"column":2},"end":{"line":85,"column":56}},"48":{"start":{"line":86,"column":2},"end":{"line":86,"column":58}},"49":{"start":{"line":87,"column":2},"end":{"line":87,"column":55}},"50":{"start":{"line":88,"column":2},"end":{"line":93,"column":3}},"51":{"start":{"line":89,"column":4},"end":{"line":92,"column":6}},"52":{"start":{"line":91,"column":6},"end":{"line":91,"column":23}},"53":{"start":{"line":96,"column":0},"end":{"line":100,"column":1}},"54":{"start":{"line":97,"column":2},"end":{"line":97,"column":38}},"55":{"start":{"line":98,"column":2},"end":{"line":98,"column":26}},"56":{"start":{"line":99,"column":2},"end":{"line":99,"column":27}},"57":{"start":{"line":102,"column":0},"end":{"line":102,"column":26}}},"branchMap":{"1":{"line":24,"type":"if","locations":[{"start":{"line":24,"column":2},"end":{"line":24,"column":2}},{"start":{"line":24,"column":2},"end":{"line":24,"column":2}}]},"2":{"line":55,"type":"if","locations":[{"start":{"line":55,"column":2},"end":{"line":55,"column":2}},{"start":{"line":55,"column":2},"end":{"line":55,"column":2}}]},"3":{"line":65,"type":"if","locations":[{"start":{"line":65,"column":2},"end":{"line":65,"column":2}},{"start":{"line":65,"column":2},"end":{"line":65,"column":2}}]},"4":{"line":76,"type":"binary-expr","locations":[{"start":{"line":76,"column":8},"end":{"line":76,"column":11}},{"start":{"line":76,"column":15},"end":{"line":76,"column":30}}]},"5":{"line":88,"type":"if","locations":[{"start":{"line":88,"column":2},"end":{"line":88,"column":2}},{"start":{"line":88,"column":2},"end":{"line":88,"column":2}}]}},"code":["'use strict'","","var util = require('util')","var crypto = require('crypto')","var EventEmitter = require('events').EventEmitter","var Connection = require('node-xmpp-core').Connection","var JID = require('node-xmpp-core').JID","var SRV = require('node-xmpp-core').SRV","var Element = require('node-xmpp-core').Element","","/**"," * opts:"," *   jid: String (required)"," *   password: String (required)"," *   host: String (required)"," *   port: Number (required)"," *   reconnect: Boolean (optional)"," */","function Component (opts) {","  EventEmitter.call(this)","  var conn = this.connection = new Connection(opts)","  this._addConnectionListeners()","","  if (typeof opts.jid === 'string') {","    conn.jid = new JID(opts.jid)","  } else {","    conn.jid = opts.jid","  }","  conn.password = opts.password","  conn.xmlns[''] = this.NS_COMPONENT","  conn.xmlns['stream'] = this.NS_STREAM","  conn.streamTo = this.connection.jid.domain","","  conn.listen({","    socket: SRV.connect({","      services: [],","      domain: opts.host,","      defaultPort: opts.port,","      socket: opts.socket","    })","  })","}","","util.inherits(Component, EventEmitter)","","Component.prototype.NS_COMPONENT = 'jabber:component:accept'","Component.prototype.NS_STREAM = 'http://etherx.jabber.org/streams'","","Component.prototype.onStreamStart = function (streamAttrs) {","  var digest = this._sha1Hex(streamAttrs.id + this.connection.password)","  this.connection.send(new Element('handshake').t(digest))","}","","Component.prototype.onStanza = function (stanza) {","  if (stanza.is('handshake')) {","    this.emit('online')","    return","  }","  this.emit('stanza', stanza)","}","","Component.prototype.send = function (stanza) {","  // TODO node-xmpp-core Connection should probably do this","  // and always add from attribute to outgoing stanzas if absent","  if (!stanza.attrs.from) {","    stanza.attrs.from = this.connection.jid.toString()","  }","  this.connection.send(stanza)","}","","Component.prototype.end = function () {","  this.connection.end()","}","","Component.prototype._addConnectionListeners = function (con) {","  con = con || this.connection","  con.on('streamStart', this.onStreamStart.bind(this))","  con.on('stanza', this.onStanza.bind(this))","  con.on('drain', this.emit.bind(this, 'drain'))","  con.on('data', this.emit.bind(this, 'data'))","  con.on('end', this.emit.bind(this, 'end'))","  con.on('close', this.emit.bind(this, 'close'))","  con.on('error', this.emit.bind(this, 'error'))","  con.on('connect', this.emit.bind(this, 'connect'))","  con.on('reconnect', this.emit.bind(this, 'reconnect'))","  con.on('disconnect', this.emit.bind(this, 'disconnect'))","  con.on('disconnect', this.emit.bind(this, 'offline'))","  if (con.startStream) {","    con.on('connect', function () {","      // Components start <stream:stream>, servers reply","      con.startStream()","    })","  }","}","","Component.prototype._sha1Hex = function (s) {","  var hash = crypto.createHash('sha1')","  hash.update(s, 'binary')","  return hash.digest('hex')","}","","module.exports = Component",""],"l":{"3":1,"4":1,"5":1,"6":1,"7":1,"8":1,"9":1,"19":1,"20":0,"21":0,"22":0,"24":0,"25":0,"27":0,"29":0,"30":0,"31":0,"32":0,"34":0,"44":1,"46":1,"47":1,"49":1,"50":0,"51":0,"54":1,"55":0,"56":0,"57":0,"59":0,"62":1,"65":0,"66":0,"68":0,"71":1,"72":0,"75":1,"76":0,"77":0,"78":0,"79":0,"80":0,"81":0,"82":0,"83":0,"84":0,"85":0,"86":0,"87":0,"88":0,"89":0,"91":0,"96":1,"97":0,"98":0,"99":0,"102":1}}}